# JRE version: OpenJDK Runtime Environment (8.0_242-b01) (build 1.8.0_242-release-1644-b01)
# Java VM: OpenJDK 64-Bit Server VM (25.242-b01 mixed mode windows-amd64 compressed oops)
Heap:
 PSYoungGen      total 245248K, used 101825K [0x00000000d5580000, 0x00000000e7000000, 0x0000000100000000)
  eden space 229888K, 37% used [0x00000000d5580000,0x00000000da9f1118,0x00000000e3600000)
  from space 15360K, 99% used [0x00000000e5580000,0x00000000e647f5a0,0x00000000e6480000)
  to   space 29696K, 0% used [0x00000000e3600000,0x00000000e3600000,0x00000000e5300000)
 ParOldGen       total 84480K, used 49582K [0x0000000080000000, 0x0000000085280000, 0x00000000d5580000)
  object space 84480K, 58% used [0x0000000080000000,0x000000008306ba00,0x0000000085280000)
 Metaspace       used 85211K, capacity 89513K, committed 89752K, reserved 1126400K
  class space    used 11199K, capacity 11936K, committed 11952K, reserved 1048576K
GC Heap History (10 events):
Event: 13.333 GC heap before
{Heap before GC invocations=13 (full 2):
 PSYoungGen      total 198144K, used 185856K [0x00000000d5580000, 0x00000000e2500000, 0x0000000100000000)
  eden space 185856K, 100% used [0x00000000d5580000,0x00000000e0b00000,0x00000000e0b00000)
  from space 12288K, 0% used [0x00000000e1780000,0x00000000e1780000,0x00000000e2380000)
  to   space 12800K, 0% used [0x00000000e0b00000,0x00000000e0b00000,0x00000000e1780000)
 ParOldGen       total 47616K, used 14732K [0x0000000080000000, 0x0000000082e80000, 0x00000000d5580000)
  object space 47616K, 30% used [0x0000000080000000,0x0000000080e63350,0x0000000082e80000)
 Metaspace       used 44567K, capacity 46422K, committed 46632K, reserved 1089536K
  class space    used 6060K, capacity 6433K, committed 6448K, reserved 1048576K
Event: 13.346 GC heap after
Heap after GC invocations=13 (full 2):
 PSYoungGen      total 198656K, used 12786K [0x00000000d5580000, 0x00000000e6480000, 0x0000000100000000)
  eden space 185856K, 0% used [0x00000000d5580000,0x00000000d5580000,0x00000000e0b00000)
  from space 12800K, 99% used [0x00000000e0b00000,0x00000000e177ca50,0x00000000e1780000)
  to   space 15360K, 0% used [0x00000000e5580000,0x00000000e5580000,0x00000000e6480000)
 ParOldGen       total 47616K, used 16507K [0x0000000080000000, 0x0000000082e80000, 0x00000000d5580000)
  object space 47616K, 34% used [0x0000000080000000,0x000000008101ec80,0x0000000082e80000)
 Metaspace       used 44567K, capacity 46422K, committed 46632K, reserved 1089536K
  class space    used 6060K, capacity 6433K, committed 6448K, reserved 1048576K
}
Event: 19.273 GC heap before
{Heap before GC invocations=14 (full 2):
 PSYoungGen      total 198656K, used 192658K [0x00000000d5580000, 0x00000000e6480000, 0x0000000100000000)
  eden space 185856K, 96% used [0x00000000d5580000,0x00000000e0527ef0,0x00000000e0b00000)
  from space 12800K, 99% used [0x00000000e0b00000,0x00000000e177ca50,0x00000000e1780000)
  to   space 15360K, 0% used [0x00000000e5580000,0x00000000e5580000,0x00000000e6480000)
 ParOldGen       total 47616K, used 16507K [0x0000000080000000, 0x0000000082e80000, 0x00000000d5580000)
  object space 47616K, 34% used [0x0000000080000000,0x000000008101ec80,0x0000000082e80000)
 Metaspace       used 56538K, capacity 59009K, committed 59160K, reserved 1099776K
  class space    used 7739K, capacity 8240K, committed 8240K, reserved 1048576K
Event: 19.296 GC heap after
Heap after GC invocations=14 (full 2):
 PSYoungGen      total 255488K, used 15335K [0x00000000d5580000, 0x00000000e6b80000, 0x0000000100000000)
  eden space 240128K, 0% used [0x00000000d5580000,0x00000000d5580000,0x00000000e4000000)
  from space 15360K, 99% used [0x00000000e5580000,0x00000000e6479f30,0x00000000e6480000)
  to   space 22016K, 0% used [0x00000000e4000000,0x00000000e4000000,0x00000000e5580000)
 ParOldGen       total 47616K, used 28604K [0x0000000080000000, 0x0000000082e80000, 0x00000000d5580000)
  object space 47616K, 60% used [0x0000000080000000,0x0000000081bef070,0x0000000082e80000)
 Metaspace       used 56538K, capacity 59009K, committed 59160K, reserved 1099776K
  class space    used 7739K, capacity 8240K, committed 8240K, reserved 1048576K
}
Event: 19.296 GC heap before
{Heap before GC invocations=15 (full 3):
 PSYoungGen      total 255488K, used 15335K [0x00000000d5580000, 0x00000000e6b80000, 0x0000000100000000)
  eden space 240128K, 0% used [0x00000000d5580000,0x00000000d5580000,0x00000000e4000000)
  from space 15360K, 99% used [0x00000000e5580000,0x00000000e6479f30,0x00000000e6480000)
  to   space 22016K, 0% used [0x00000000e4000000,0x00000000e4000000,0x00000000e5580000)
 ParOldGen       total 47616K, used 28604K [0x0000000080000000, 0x0000000082e80000, 0x00000000d5580000)
  object space 47616K, 60% used [0x0000000080000000,0x0000000081bef070,0x0000000082e80000)
 Metaspace       used 56538K, capacity 59009K, committed 59160K, reserved 1099776K
  class space    used 7739K, capacity 8240K, committed 8240K, reserved 1048576K
Event: 19.500 GC heap after
Heap after GC invocations=15 (full 3):
 PSYoungGen      total 255488K, used 0K [0x00000000d5580000, 0x00000000e6b80000, 0x0000000100000000)
  eden space 240128K, 0% used [0x00000000d5580000,0x00000000d5580000,0x00000000e4000000)
  from space 15360K, 0% used [0x00000000e5580000,0x00000000e5580000,0x00000000e6480000)
  to   space 22016K, 0% used [0x00000000e4000000,0x00000000e4000000,0x00000000e5580000)
 ParOldGen       total 84480K, used 39225K [0x0000000080000000, 0x0000000085280000, 0x00000000d5580000)
  object space 84480K, 46% used [0x0000000080000000,0x000000008264e4f0,0x0000000085280000)
 Metaspace       used 56492K, capacity 58853K, committed 59160K, reserved 1099776K
  class space    used 7725K, capacity 8214K, committed 8240K, reserved 1048576K
}
Event: 775.957 GC heap before
{Heap before GC invocations=16 (full 3):
 PSYoungGen      total 255488K, used 240128K [0x00000000d5580000, 0x00000000e6b80000, 0x0000000100000000)
  eden space 240128K, 100% used [0x00000000d5580000,0x00000000e4000000,0x00000000e4000000)
  from space 15360K, 0% used [0x00000000e5580000,0x00000000e5580000,0x00000000e6480000)
  to   space 22016K, 0% used [0x00000000e4000000,0x00000000e4000000,0x00000000e5580000)
 ParOldGen       total 84480K, used 39225K [0x0000000080000000, 0x0000000085280000, 0x00000000d5580000)
  object space 84480K, 46% used [0x0000000080000000,0x000000008264e4f0,0x0000000085280000)
 Metaspace       used 68230K, capacity 71545K, committed 71832K, reserved 1112064K
  class space    used 9195K, capacity 9823K, committed 9904K, reserved 1048576K
Event: 776.388 GC heap after
Heap after GC invocations=16 (full 3):
 PSYoungGen      total 262144K, used 20607K [0x00000000d5580000, 0x00000000e6b80000, 0x0000000100000000)
  eden space 240128K, 0% used [0x00000000d5580000,0x00000000d5580000,0x00000000e4000000)
  from space 22016K, 93% used [0x00000000e4000000,0x00000000e541fe88,0x00000000e5580000)
  to   space 15360K, 0% used [0x00000000e5580000,0x00000000e5580000,0x00000000e6480000)
 ParOldGen       total 84480K, used 39233K [0x0000000080000000, 0x0000000085280000, 0x00000000d5580000)
  object space 84480K, 46% used [0x0000000080000000,0x00000000826504f0,0x0000000085280000)
 Metaspace       used 68230K, capacity 71545K, committed 71832K, reserved 1112064K
  class space    used 9195K, capacity 9823K, committed 9904K, reserved 1048576K
}
Event: 863.728 GC heap before
{Heap before GC invocations=17 (full 3):
 PSYoungGen      total 262144K, used 260735K [0x00000000d5580000, 0x00000000e6b80000, 0x0000000100000000)
  eden space 240128K, 100% used [0x00000000d5580000,0x00000000e4000000,0x00000000e4000000)
  from space 22016K, 93% used [0x00000000e4000000,0x00000000e541fe88,0x00000000e5580000)
  to   space 15360K, 0% used [0x00000000e5580000,0x00000000e5580000,0x00000000e6480000)
 ParOldGen       total 84480K, used 39233K [0x0000000080000000, 0x0000000085280000, 0x00000000d5580000)
  object space 84480K, 46% used [0x0000000080000000,0x00000000826504f0,0x0000000085280000)
 Metaspace       used 80147K, capacity 84259K, committed 84504K, reserved 1122304K
  class space    used 10582K, capacity 11312K, committed 11312K, reserved 1048576K
Event: 863.764 GC heap after
Heap after GC invocations=17 (full 3):
 PSYoungGen      total 245248K, used 15357K [0x00000000d5580000, 0x00000000e7000000, 0x0000000100000000)
  eden space 229888K, 0% used [0x00000000d5580000,0x00000000d5580000,0x00000000e3600000)
  from space 15360K, 99% used [0x00000000e5580000,0x00000000e647f5a0,0x00000000e6480000)
  to   space 29696K, 0% used [0x00000000e3600000,0x00000000e3600000,0x00000000e5300000)
 ParOldGen       total 84480K, used 49582K [0x0000000080000000, 0x0000000085280000, 0x00000000d5580000)
  object space 84480K, 58% used [0x0000000080000000,0x000000008306ba00,0x0000000085280000)
 Metaspace       used 80147K, capacity 84259K, committed 84504K, reserved 1122304K
  class space    used 10582K, capacity 11312K, committed 11312K, reserved 1048576K
}

