# JRE version: OpenJDK Runtime Environment (8.0_242-b01) (build 1.8.0_242-release-1644-b01)
# Java VM: OpenJDK 64-Bit Server VM (25.242-b01 mixed mode windows-amd64 compressed oops)
Heap:
 PSYoungGen      total 400384K, used 121482K [0x00000000d5580000, 0x00000000f1b80000, 0x0000000100000000)
  eden space 347648K, 22% used [0x00000000d5580000,0x00000000da102b20,0x00000000ea900000)
  from space 52736K, 83% used [0x00000000ee200000,0x00000000f0d1ff90,0x00000000f1580000)
  to   space 58368K, 0% used [0x00000000ea900000,0x00000000ea900000,0x00000000ee200000)
 ParOldGen       total 173056K, used 109181K [0x0000000080000000, 0x000000008a900000, 0x00000000d5580000)
  object space 173056K, 63% used [0x0000000080000000,0x0000000086a9f618,0x000000008a900000)
 Metaspace       used 119736K, capacity 125552K, committed 126120K, reserved 1159168K
  class space    used 16051K, capacity 17111K, committed 17328K, reserved 1048576K
GC Heap History (10 events):
Event: 27.620 GC heap before
{Heap before GC invocations=18 (full 3):
 PSYoungGen      total 292864K, used 288221K [0x00000000d5580000, 0x00000000e8f00000, 0x0000000100000000)
  eden space 269312K, 100% used [0x00000000d5580000,0x00000000e5c80000,0x00000000e5c80000)
  from space 23552K, 80% used [0x00000000e7580000,0x00000000e87f75b0,0x00000000e8c80000)
  to   space 25600K, 0% used [0x00000000e5c80000,0x00000000e5c80000,0x00000000e7580000)
 ParOldGen       total 89088K, used 37187K [0x0000000080000000, 0x0000000085700000, 0x00000000d5580000)
  object space 89088K, 41% used [0x0000000080000000,0x0000000082450c48,0x0000000085700000)
 Metaspace       used 80134K, capacity 85408K, committed 85544K, reserved 1122304K
  class space    used 11268K, capacity 12282K, committed 12336K, reserved 1048576K
Event: 27.712 GC heap after
Heap after GC invocations=18 (full 3):
 PSYoungGen      total 294912K, used 25586K [0x00000000d5580000, 0x00000000ef900000, 0x0000000100000000)
  eden space 269312K, 0% used [0x00000000d5580000,0x00000000d5580000,0x00000000e5c80000)
  from space 25600K, 99% used [0x00000000e5c80000,0x00000000e757cb28,0x00000000e7580000)
  to   space 45568K, 0% used [0x00000000ecc80000,0x00000000ecc80000,0x00000000ef900000)
 ParOldGen       total 89088K, used 80699K [0x0000000080000000, 0x0000000085700000, 0x00000000d5580000)
  object space 89088K, 90% used [0x0000000080000000,0x0000000084ecee48,0x0000000085700000)
 Metaspace       used 80134K, capacity 85408K, committed 85544K, reserved 1122304K
  class space    used 11268K, capacity 12282K, committed 12336K, reserved 1048576K
}
Event: 27.712 GC heap before
{Heap before GC invocations=19 (full 4):
 PSYoungGen      total 294912K, used 25586K [0x00000000d5580000, 0x00000000ef900000, 0x0000000100000000)
  eden space 269312K, 0% used [0x00000000d5580000,0x00000000d5580000,0x00000000e5c80000)
  from space 25600K, 99% used [0x00000000e5c80000,0x00000000e757cb28,0x00000000e7580000)
  to   space 45568K, 0% used [0x00000000ecc80000,0x00000000ecc80000,0x00000000ef900000)
 ParOldGen       total 89088K, used 80699K [0x0000000080000000, 0x0000000085700000, 0x00000000d5580000)
  object space 89088K, 90% used [0x0000000080000000,0x0000000084ecee48,0x0000000085700000)
 Metaspace       used 80134K, capacity 85408K, committed 85544K, reserved 1122304K
  class space    used 11268K, capacity 12282K, committed 12336K, reserved 1048576K
Event: 28.307 GC heap after
Heap after GC invocations=19 (full 4):
 PSYoungGen      total 294912K, used 7459K [0x00000000d5580000, 0x00000000ef900000, 0x0000000100000000)
  eden space 269312K, 0% used [0x00000000d5580000,0x00000000d5580000,0x00000000e5c80000)
  from space 25600K, 29% used [0x00000000e5c80000,0x00000000e63c8d68,0x00000000e7580000)
  to   space 45568K, 0% used [0x00000000ecc80000,0x00000000ecc80000,0x00000000ef900000)
 ParOldGen       total 173056K, used 88923K [0x0000000080000000, 0x000000008a900000, 0x00000000d5580000)
  object space 173056K, 51% used [0x0000000080000000,0x00000000856d6c08,0x000000008a900000)
 Metaspace       used 79095K, capacity 82730K, committed 85544K, reserved 1122304K
  class space    used 10909K, capacity 11647K, committed 12336K, reserved 1048576K
}
Event: 32.002 GC heap before
{Heap before GC invocations=20 (full 4):
 PSYoungGen      total 294912K, used 276771K [0x00000000d5580000, 0x00000000ef900000, 0x0000000100000000)
  eden space 269312K, 100% used [0x00000000d5580000,0x00000000e5c80000,0x00000000e5c80000)
  from space 25600K, 29% used [0x00000000e5c80000,0x00000000e63c8d68,0x00000000e7580000)
  to   space 45568K, 0% used [0x00000000ecc80000,0x00000000ecc80000,0x00000000ef900000)
 ParOldGen       total 173056K, used 88923K [0x0000000080000000, 0x000000008a900000, 0x00000000d5580000)
  object space 173056K, 51% used [0x0000000080000000,0x00000000856d6c08,0x000000008a900000)
 Metaspace       used 84350K, capacity 88526K, committed 90408K, reserved 1126400K
  class space    used 11530K, capacity 12319K, committed 12848K, reserved 1048576K
Event: 32.034 GC heap after
Heap after GC invocations=20 (full 4):
 PSYoungGen      total 342016K, used 17142K [0x00000000d5580000, 0x00000000ee200000, 0x0000000100000000)
  eden space 320000K, 0% used [0x00000000d5580000,0x00000000d5580000,0x00000000e8e00000)
  from space 22016K, 77% used [0x00000000ecc80000,0x00000000edd3d890,0x00000000ee200000)
  to   space 43008K, 0% used [0x00000000e8e00000,0x00000000e8e00000,0x00000000eb800000)
 ParOldGen       total 173056K, used 89788K [0x0000000080000000, 0x000000008a900000, 0x00000000d5580000)
  object space 173056K, 51% used [0x0000000080000000,0x00000000857af078,0x000000008a900000)
 Metaspace       used 84350K, capacity 88526K, committed 90408K, reserved 1126400K
  class space    used 11530K, capacity 12319K, committed 12848K, reserved 1048576K
}
Event: 322.697 GC heap before
{Heap before GC invocations=21 (full 4):
 PSYoungGen      total 342016K, used 337142K [0x00000000d5580000, 0x00000000ee200000, 0x0000000100000000)
  eden space 320000K, 100% used [0x00000000d5580000,0x00000000e8e00000,0x00000000e8e00000)
  from space 22016K, 77% used [0x00000000ecc80000,0x00000000edd3d890,0x00000000ee200000)
  to   space 43008K, 0% used [0x00000000e8e00000,0x00000000e8e00000,0x00000000eb800000)
 ParOldGen       total 173056K, used 89788K [0x0000000080000000, 0x000000008a900000, 0x00000000d5580000)
  object space 173056K, 51% used [0x0000000080000000,0x00000000857af078,0x000000008a900000)
 Metaspace       used 104969K, capacity 110284K, committed 111016K, reserved 1144832K
  class space    used 14060K, capacity 15014K, committed 15280K, reserved 1048576K
Event: 322.889 GC heap after
Heap after GC invocations=21 (full 4):
 PSYoungGen      total 363008K, used 43006K [0x00000000d5580000, 0x00000000f1580000, 0x0000000100000000)
  eden space 320000K, 0% used [0x00000000d5580000,0x00000000d5580000,0x00000000e8e00000)
  from space 43008K, 99% used [0x00000000e8e00000,0x00000000eb7ff828,0x00000000eb800000)
  to   space 52736K, 0% used [0x00000000ee200000,0x00000000ee200000,0x00000000f1580000)
 ParOldGen       total 173056K, used 96584K [0x0000000080000000, 0x000000008a900000, 0x00000000d5580000)
  object space 173056K, 55% used [0x0000000080000000,0x0000000085e522b8,0x000000008a900000)
 Metaspace       used 104969K, capacity 110284K, committed 111016K, reserved 1144832K
  class space    used 14060K, capacity 15014K, committed 15280K, reserved 1048576K
}
Event: 351.890 GC heap before
{Heap before GC invocations=22 (full 4):
 PSYoungGen      total 363008K, used 363006K [0x00000000d5580000, 0x00000000f1580000, 0x0000000100000000)
  eden space 320000K, 100% used [0x00000000d5580000,0x00000000e8e00000,0x00000000e8e00000)
  from space 43008K, 99% used [0x00000000e8e00000,0x00000000eb7ff828,0x00000000eb800000)
  to   space 52736K, 0% used [0x00000000ee200000,0x00000000ee200000,0x00000000f1580000)
 ParOldGen       total 173056K, used 96584K [0x0000000080000000, 0x000000008a900000, 0x00000000d5580000)
  object space 173056K, 55% used [0x0000000080000000,0x0000000085e522b8,0x000000008a900000)
 Metaspace       used 119514K, capacity 125262K, committed 125736K, reserved 1157120K
  class space    used 16035K, capacity 17078K, committed 17200K, reserved 1048576K
Event: 351.941 GC heap after
Heap after GC invocations=22 (full 4):
 PSYoungGen      total 400384K, used 44159K [0x00000000d5580000, 0x00000000f1b80000, 0x0000000100000000)
  eden space 347648K, 0% used [0x00000000d5580000,0x00000000d5580000,0x00000000ea900000)
  from space 52736K, 83% used [0x00000000ee200000,0x00000000f0d1ff90,0x00000000f1580000)
  to   space 58368K, 0% used [0x00000000ea900000,0x00000000ea900000,0x00000000ee200000)
 ParOldGen       total 173056K, used 109181K [0x0000000080000000, 0x000000008a900000, 0x00000000d5580000)
  object space 173056K, 63% used [0x0000000080000000,0x0000000086a9f618,0x000000008a900000)
 Metaspace       used 119514K, capacity 125262K, committed 125736K, reserved 1157120K
  class space    used 16035K, capacity 17078K, committed 17200K, reserved 1048576K
}

