# JRE version: OpenJDK Runtime Environment (8.0_242-b01) (build 1.8.0_242-release-1644-b01)
# Java VM: OpenJDK 64-Bit Server VM (25.242-b01 mixed mode windows-amd64 compressed oops)
Heap:
 PSYoungGen      total 306688K, used 262319K [0x00000000d5580000, 0x00000000ea600000, 0x0000000100000000)
  eden space 285696K, 84% used [0x00000000d5580000,0x00000000e416acd8,0x00000000e6c80000)
  from space 20992K, 98% used [0x00000000e9180000,0x00000000ea5c1250,0x00000000ea600000)
  to   space 25600K, 0% used [0x00000000e7400000,0x00000000e7400000,0x00000000e8d00000)
 ParOldGen       total 51200K, used 33033K [0x0000000080000000, 0x0000000083200000, 0x00000000d5580000)
  object space 51200K, 64% used [0x0000000080000000,0x0000000082042690,0x0000000083200000)
 Metaspace       used 67979K, capacity 71342K, committed 71592K, reserved 1112064K
  class space    used 9192K, capacity 9862K, committed 9904K, reserved 1048576K
GC Heap History (10 events):
Event: 7.339 GC heap before
{Heap before GC invocations=13 (full 2):
 PSYoungGen      total 192512K, used 180224K [0x00000000d5580000, 0x00000000e1e80000, 0x0000000100000000)
  eden space 180224K, 100% used [0x00000000d5580000,0x00000000e0580000,0x00000000e0580000)
  from space 12288K, 0% used [0x00000000e1280000,0x00000000e1280000,0x00000000e1e80000)
  to   space 12800K, 0% used [0x00000000e0580000,0x00000000e0580000,0x00000000e1200000)
 ParOldGen       total 51200K, used 14695K [0x0000000080000000, 0x0000000083200000, 0x00000000d5580000)
  object space 51200K, 28% used [0x0000000080000000,0x0000000080e59d70,0x0000000083200000)
 Metaspace       used 44167K, capacity 46038K, committed 46376K, reserved 1089536K
  class space    used 6002K, capacity 6395K, committed 6448K, reserved 1048576K
Event: 7.351 GC heap after
Heap after GC invocations=13 (full 2):
 PSYoungGen      total 193024K, used 12776K [0x00000000d5580000, 0x00000000e5680000, 0x0000000100000000)
  eden space 180224K, 0% used [0x00000000d5580000,0x00000000d5580000,0x00000000e0580000)
  from space 12800K, 99% used [0x00000000e0580000,0x00000000e11fa2e8,0x00000000e1200000)
  to   space 15360K, 0% used [0x00000000e4780000,0x00000000e4780000,0x00000000e5680000)
 ParOldGen       total 51200K, used 16127K [0x0000000080000000, 0x0000000083200000, 0x00000000d5580000)
  object space 51200K, 31% used [0x0000000080000000,0x0000000080fbfd40,0x0000000083200000)
 Metaspace       used 44167K, capacity 46038K, committed 46376K, reserved 1089536K
  class space    used 6002K, capacity 6395K, committed 6448K, reserved 1048576K
}
Event: 10.622 GC heap before
{Heap before GC invocations=14 (full 2):
 PSYoungGen      total 193024K, used 193000K [0x00000000d5580000, 0x00000000e5680000, 0x0000000100000000)
  eden space 180224K, 100% used [0x00000000d5580000,0x00000000e0580000,0x00000000e0580000)
  from space 12800K, 99% used [0x00000000e0580000,0x00000000e11fa2e8,0x00000000e1200000)
  to   space 15360K, 0% used [0x00000000e4780000,0x00000000e4780000,0x00000000e5680000)
 ParOldGen       total 51200K, used 16127K [0x0000000080000000, 0x0000000083200000, 0x00000000d5580000)
  object space 51200K, 31% used [0x0000000080000000,0x0000000080fbfd50,0x0000000083200000)
 Metaspace       used 55811K, capacity 58176K, committed 58408K, reserved 1099776K
  class space    used 7629K, capacity 8129K, committed 8240K, reserved 1048576K
Event: 10.642 GC heap after
Heap after GC invocations=14 (full 2):
 PSYoungGen      total 241152K, used 15342K [0x00000000d5580000, 0x00000000e5f00000, 0x0000000100000000)
  eden space 225792K, 0% used [0x00000000d5580000,0x00000000d5580000,0x00000000e3200000)
  from space 15360K, 99% used [0x00000000e4780000,0x00000000e567bb48,0x00000000e5680000)
  to   space 22016K, 0% used [0x00000000e3200000,0x00000000e3200000,0x00000000e4780000)
 ParOldGen       total 51200K, used 28268K [0x0000000080000000, 0x0000000083200000, 0x00000000d5580000)
  object space 51200K, 55% used [0x0000000080000000,0x0000000081b9b038,0x0000000083200000)
 Metaspace       used 55811K, capacity 58176K, committed 58408K, reserved 1099776K
  class space    used 7629K, capacity 8129K, committed 8240K, reserved 1048576K
}
Event: 10.839 GC heap before
{Heap before GC invocations=15 (full 2):
 PSYoungGen      total 241152K, used 25961K [0x00000000d5580000, 0x00000000e5f00000, 0x0000000100000000)
  eden space 225792K, 4% used [0x00000000d5580000,0x00000000d5fde908,0x00000000e3200000)
  from space 15360K, 99% used [0x00000000e4780000,0x00000000e567bb48,0x00000000e5680000)
  to   space 22016K, 0% used [0x00000000e3200000,0x00000000e3200000,0x00000000e4780000)
 ParOldGen       total 51200K, used 28268K [0x0000000080000000, 0x0000000083200000, 0x00000000d5580000)
  object space 51200K, 55% used [0x0000000080000000,0x0000000081b9b038,0x0000000083200000)
 Metaspace       used 56590K, capacity 59024K, committed 59160K, reserved 1099776K
  class space    used 7783K, capacity 8285K, committed 8368K, reserved 1048576K
Event: 10.849 GC heap after
Heap after GC invocations=15 (full 2):
 PSYoungGen      total 247808K, used 1263K [0x00000000d5580000, 0x00000000ea700000, 0x0000000100000000)
  eden space 225792K, 0% used [0x00000000d5580000,0x00000000d5580000,0x00000000e3200000)
  from space 22016K, 5% used [0x00000000e3200000,0x00000000e333bd50,0x00000000e4780000)
  to   space 22016K, 0% used [0x00000000e9180000,0x00000000e9180000,0x00000000ea700000)
 ParOldGen       total 51200K, used 41525K [0x0000000080000000, 0x0000000083200000, 0x00000000d5580000)
  object space 51200K, 81% used [0x0000000080000000,0x000000008288d7a0,0x0000000083200000)
 Metaspace       used 56590K, capacity 59024K, committed 59160K, reserved 1099776K
  class space    used 7783K, capacity 8285K, committed 8368K, reserved 1048576K
}
Event: 10.849 GC heap before
{Heap before GC invocations=16 (full 3):
 PSYoungGen      total 247808K, used 1263K [0x00000000d5580000, 0x00000000ea700000, 0x0000000100000000)
  eden space 225792K, 0% used [0x00000000d5580000,0x00000000d5580000,0x00000000e3200000)
  from space 22016K, 5% used [0x00000000e3200000,0x00000000e333bd50,0x00000000e4780000)
  to   space 22016K, 0% used [0x00000000e9180000,0x00000000e9180000,0x00000000ea700000)
 ParOldGen       total 51200K, used 41525K [0x0000000080000000, 0x0000000083200000, 0x00000000d5580000)
  object space 51200K, 81% used [0x0000000080000000,0x000000008288d7a0,0x0000000083200000)
 Metaspace       used 56590K, capacity 59024K, committed 59160K, reserved 1099776K
  class space    used 7783K, capacity 8285K, committed 8368K, reserved 1048576K
Event: 11.058 GC heap after
Heap after GC invocations=16 (full 3):
 PSYoungGen      total 247808K, used 0K [0x00000000d5580000, 0x00000000ea700000, 0x0000000100000000)
  eden space 225792K, 0% used [0x00000000d5580000,0x00000000d5580000,0x00000000e3200000)
  from space 22016K, 0% used [0x00000000e3200000,0x00000000e3200000,0x00000000e4780000)
  to   space 22016K, 0% used [0x00000000e9180000,0x00000000e9180000,0x00000000ea700000)
 ParOldGen       total 51200K, used 32921K [0x0000000080000000, 0x0000000083200000, 0x00000000d5580000)
  object space 51200K, 64% used [0x0000000080000000,0x0000000082026628,0x0000000083200000)
 Metaspace       used 56523K, capacity 58802K, committed 59160K, reserved 1099776K
  class space    used 7763K, capacity 8248K, committed 8368K, reserved 1048576K
}
Event: 23.805 GC heap before
{Heap before GC invocations=17 (full 3):
 PSYoungGen      total 247808K, used 225792K [0x00000000d5580000, 0x00000000ea700000, 0x0000000100000000)
  eden space 225792K, 100% used [0x00000000d5580000,0x00000000e3200000,0x00000000e3200000)
  from space 22016K, 0% used [0x00000000e3200000,0x00000000e3200000,0x00000000e4780000)
  to   space 22016K, 0% used [0x00000000e9180000,0x00000000e9180000,0x00000000ea700000)
 ParOldGen       total 51200K, used 33025K [0x0000000080000000, 0x0000000083200000, 0x00000000d5580000)
  object space 51200K, 64% used [0x0000000080000000,0x0000000082040690,0x0000000083200000)
 Metaspace       used 67204K, capacity 70444K, committed 70696K, reserved 1110016K
  class space    used 9134K, capacity 9773K, committed 9776K, reserved 1048576K
Event: 23.825 GC heap after
Heap after GC invocations=17 (full 3):
 PSYoungGen      total 306688K, used 20740K [0x00000000d5580000, 0x00000000ea600000, 0x0000000100000000)
  eden space 285696K, 0% used [0x00000000d5580000,0x00000000d5580000,0x00000000e6c80000)
  from space 20992K, 98% used [0x00000000e9180000,0x00000000ea5c1250,0x00000000ea600000)
  to   space 25600K, 0% used [0x00000000e7400000,0x00000000e7400000,0x00000000e8d00000)
 ParOldGen       total 51200K, used 33033K [0x0000000080000000, 0x0000000083200000, 0x00000000d5580000)
  object space 51200K, 64% used [0x0000000080000000,0x0000000082042690,0x0000000083200000)
 Metaspace       used 67204K, capacity 70444K, committed 70696K, reserved 1110016K
  class space    used 9134K, capacity 9773K, committed 9776K, reserved 1048576K
}

