# JRE version: OpenJDK Runtime Environment (8.0_242-b01) (build 1.8.0_242-release-1644-b01)
# Java VM: OpenJDK 64-Bit Server VM (25.242-b01 mixed mode windows-amd64 compressed oops)
Heap:
 PSYoungGen      total 108032K, used 55538K [0x00000000d5580000, 0x00000000de280000, 0x0000000100000000)
  eden space 89600K, 61% used [0x00000000d5580000,0x00000000d8bbc848,0x00000000dad00000)
  from space 18432K, 0% used [0x00000000dad00000,0x00000000dad00000,0x00000000dbf00000)
  to   space 21504K, 0% used [0x00000000dcd80000,0x00000000dcd80000,0x00000000de280000)
 ParOldGen       total 60416K, used 32106K [0x0000000080000000, 0x0000000083b00000, 0x00000000d5580000)
  object space 60416K, 53% used [0x0000000080000000,0x0000000081f5aa00,0x0000000083b00000)
 Metaspace       used 60037K, capacity 62444K, committed 62740K, reserved 1103872K
  class space    used 7806K, capacity 8243K, committed 8252K, reserved 1048576K
GC Heap History (10 events):
Event: 47.926 GC heap before
{Heap before GC invocations=20 (full 2):
 PSYoungGen      total 88064K, used 84970K [0x00000000d5580000, 0x00000000dc300000, 0x0000000100000000)
  eden space 74240K, 100% used [0x00000000d5580000,0x00000000d9e00000,0x00000000d9e00000)
  from space 13824K, 77% used [0x00000000d9e00000,0x00000000da87a958,0x00000000dab80000)
  to   space 14848K, 0% used [0x00000000db480000,0x00000000db480000,0x00000000dc300000)
 ParOldGen       total 60416K, used 17101K [0x0000000080000000, 0x0000000083b00000, 0x00000000d5580000)
  object space 60416K, 28% used [0x0000000080000000,0x00000000810b3630,0x0000000083b00000)
 Metaspace       used 48277K, capacity 50322K, committed 50520K, reserved 1093632K
  class space    used 6329K, capacity 6726K, committed 6784K, reserved 1048576K
Event: 47.935 GC heap after
Heap after GC invocations=20 (full 2):
 PSYoungGen      total 96256K, used 11756K [0x00000000d5580000, 0x00000000dc400000, 0x0000000100000000)
  eden space 81408K, 0% used [0x00000000d5580000,0x00000000d5580000,0x00000000da500000)
  from space 14848K, 79% used [0x00000000db480000,0x00000000dbffb308,0x00000000dc300000)
  to   space 15872K, 0% used [0x00000000da500000,0x00000000da500000,0x00000000db480000)
 ParOldGen       total 60416K, used 17109K [0x0000000080000000, 0x0000000083b00000, 0x00000000d5580000)
  object space 60416K, 28% used [0x0000000080000000,0x00000000810b5630,0x0000000083b00000)
 Metaspace       used 48277K, capacity 50322K, committed 50520K, reserved 1093632K
  class space    used 6329K, capacity 6726K, committed 6784K, reserved 1048576K
}
Event: 48.894 GC heap before
{Heap before GC invocations=21 (full 2):
 PSYoungGen      total 96256K, used 93164K [0x00000000d5580000, 0x00000000dc400000, 0x0000000100000000)
  eden space 81408K, 100% used [0x00000000d5580000,0x00000000da500000,0x00000000da500000)
  from space 14848K, 79% used [0x00000000db480000,0x00000000dbffb308,0x00000000dc300000)
  to   space 15872K, 0% used [0x00000000da500000,0x00000000da500000,0x00000000db480000)
 ParOldGen       total 60416K, used 17109K [0x0000000080000000, 0x0000000083b00000, 0x00000000d5580000)
  object space 60416K, 28% used [0x0000000080000000,0x00000000810b5630,0x0000000083b00000)
 Metaspace       used 48301K, capacity 50322K, committed 50520K, reserved 1093632K
  class space    used 6330K, capacity 6726K, committed 6784K, reserved 1048576K
Event: 48.903 GC heap after
Heap after GC invocations=21 (full 2):
 PSYoungGen      total 97280K, used 10809K [0x00000000d5580000, 0x00000000dce80000, 0x0000000100000000)
  eden space 81408K, 0% used [0x00000000d5580000,0x00000000d5580000,0x00000000da500000)
  from space 15872K, 68% used [0x00000000da500000,0x00000000daf8e6b0,0x00000000db480000)
  to   space 15872K, 0% used [0x00000000dbf00000,0x00000000dbf00000,0x00000000dce80000)
 ParOldGen       total 60416K, used 17117K [0x0000000080000000, 0x0000000083b00000, 0x00000000d5580000)
  object space 60416K, 28% used [0x0000000080000000,0x00000000810b7630,0x0000000083b00000)
 Metaspace       used 48301K, capacity 50322K, committed 50520K, reserved 1093632K
  class space    used 6330K, capacity 6726K, committed 6784K, reserved 1048576K
}
Event: 58.331 GC heap before
{Heap before GC invocations=22 (full 2):
 PSYoungGen      total 97280K, used 92217K [0x00000000d5580000, 0x00000000dce80000, 0x0000000100000000)
  eden space 81408K, 100% used [0x00000000d5580000,0x00000000da500000,0x00000000da500000)
  from space 15872K, 68% used [0x00000000da500000,0x00000000daf8e6b0,0x00000000db480000)
  to   space 15872K, 0% used [0x00000000dbf00000,0x00000000dbf00000,0x00000000dce80000)
 ParOldGen       total 60416K, used 17117K [0x0000000080000000, 0x0000000083b00000, 0x00000000d5580000)
  object space 60416K, 28% used [0x0000000080000000,0x00000000810b7630,0x0000000083b00000)
 Metaspace       used 52367K, capacity 54638K, committed 55000K, reserved 1097728K
  class space    used 6862K, capacity 7300K, committed 7424K, reserved 1048576K
Event: 58.342 GC heap after
Heap after GC invocations=22 (full 2):
 PSYoungGen      total 105472K, used 15865K [0x00000000d5580000, 0x00000000dd280000, 0x0000000100000000)
  eden space 89600K, 0% used [0x00000000d5580000,0x00000000d5580000,0x00000000dad00000)
  from space 15872K, 99% used [0x00000000dbf00000,0x00000000dce7e6b0,0x00000000dce80000)
  to   space 18432K, 0% used [0x00000000dad00000,0x00000000dad00000,0x00000000dbf00000)
 ParOldGen       total 60416K, used 17452K [0x0000000080000000, 0x0000000083b00000, 0x00000000d5580000)
  object space 60416K, 28% used [0x0000000080000000,0x000000008110b3b8,0x0000000083b00000)
 Metaspace       used 52367K, capacity 54638K, committed 55000K, reserved 1097728K
  class space    used 6862K, capacity 7300K, committed 7424K, reserved 1048576K
}
Event: 60.523 GC heap before
{Heap before GC invocations=23 (full 2):
 PSYoungGen      total 105472K, used 67180K [0x00000000d5580000, 0x00000000dd280000, 0x0000000100000000)
  eden space 89600K, 57% used [0x00000000d5580000,0x00000000d879cad0,0x00000000dad00000)
  from space 15872K, 99% used [0x00000000dbf00000,0x00000000dce7e6b0,0x00000000dce80000)
  to   space 18432K, 0% used [0x00000000dad00000,0x00000000dad00000,0x00000000dbf00000)
 ParOldGen       total 60416K, used 17452K [0x0000000080000000, 0x0000000083b00000, 0x00000000d5580000)
  object space 60416K, 28% used [0x0000000080000000,0x000000008110b3b8,0x0000000083b00000)
 Metaspace       used 56621K, capacity 58936K, committed 59028K, reserved 1099776K
  class space    used 7387K, capacity 7843K, committed 7868K, reserved 1048576K
Event: 60.537 GC heap after
Heap after GC invocations=23 (full 2):
 PSYoungGen      total 108032K, used 18423K [0x00000000d5580000, 0x00000000de280000, 0x0000000100000000)
  eden space 89600K, 0% used [0x00000000d5580000,0x00000000d5580000,0x00000000dad00000)
  from space 18432K, 99% used [0x00000000dad00000,0x00000000dbefdfa8,0x00000000dbf00000)
  to   space 21504K, 0% used [0x00000000dcd80000,0x00000000dcd80000,0x00000000de280000)
 ParOldGen       total 60416K, used 18095K [0x0000000080000000, 0x0000000083b00000, 0x00000000d5580000)
  object space 60416K, 29% used [0x0000000080000000,0x00000000811abcc8,0x0000000083b00000)
 Metaspace       used 56621K, capacity 58936K, committed 59028K, reserved 1099776K
  class space    used 7387K, capacity 7843K, committed 7868K, reserved 1048576K
}
Event: 60.537 GC heap before
{Heap before GC invocations=24 (full 3):
 PSYoungGen      total 108032K, used 18423K [0x00000000d5580000, 0x00000000de280000, 0x0000000100000000)
  eden space 89600K, 0% used [0x00000000d5580000,0x00000000d5580000,0x00000000dad00000)
  from space 18432K, 99% used [0x00000000dad00000,0x00000000dbefdfa8,0x00000000dbf00000)
  to   space 21504K, 0% used [0x00000000dcd80000,0x00000000dcd80000,0x00000000de280000)
 ParOldGen       total 60416K, used 18095K [0x0000000080000000, 0x0000000083b00000, 0x00000000d5580000)
  object space 60416K, 29% used [0x0000000080000000,0x00000000811abcc8,0x0000000083b00000)
 Metaspace       used 56621K, capacity 58936K, committed 59028K, reserved 1099776K
  class space    used 7387K, capacity 7843K, committed 7868K, reserved 1048576K
Event: 60.719 GC heap after
Heap after GC invocations=24 (full 3):
 PSYoungGen      total 108032K, used 0K [0x00000000d5580000, 0x00000000de280000, 0x0000000100000000)
  eden space 89600K, 0% used [0x00000000d5580000,0x00000000d5580000,0x00000000dad00000)
  from space 18432K, 0% used [0x00000000dad00000,0x00000000dad00000,0x00000000dbf00000)
  to   space 21504K, 0% used [0x00000000dcd80000,0x00000000dcd80000,0x00000000de280000)
 ParOldGen       total 60416K, used 32106K [0x0000000080000000, 0x0000000083b00000, 0x00000000d5580000)
  object space 60416K, 53% used [0x0000000080000000,0x0000000081f5aa00,0x0000000083b00000)
 Metaspace       used 56540K, capacity 58750K, committed 59028K, reserved 1099776K
  class space    used 7361K, capacity 7803K, committed 7868K, reserved 1048576K
}

