# JRE version: OpenJDK Runtime Environment (8.0_242-b01) (build 1.8.0_242-release-1644-b01)
# Java VM: OpenJDK 64-Bit Server VM (25.242-b01 mixed mode windows-amd64 compressed oops)
Heap:
 PSYoungGen      total 524288K, used 18258K [0x00000000d5580000, 0x00000000f8e80000, 0x0000000100000000)
  eden space 467968K, 0% used [0x00000000d5580000,0x00000000d5580000,0x00000000f1e80000)
  from space 56320K, 32% used [0x00000000f5380000,0x00000000f6554918,0x00000000f8a80000)
  to   space 54272K, 0% used [0x00000000f1e80000,0x00000000f1e80000,0x00000000f5380000)
 ParOldGen       total 155136K, used 138927K [0x0000000080000000, 0x0000000089780000, 0x00000000d5580000)
  object space 155136K, 89% used [0x0000000080000000,0x00000000887abe90,0x0000000089780000)
 Metaspace       used 85861K, capacity 90317K, committed 90520K, reserved 1128448K
  class space    used 11362K, capacity 12172K, committed 12208K, reserved 1048576K
GC Heap History (10 events):
Event: 76.571 GC heap after
Heap after GC invocations=24 (full 4):
 PSYoungGen      total 401408K, used 36337K [0x00000000d5580000, 0x00000000f3700000, 0x0000000100000000)
  eden space 365056K, 0% used [0x00000000d5580000,0x00000000d5580000,0x00000000eba00000)
  from space 36352K, 99% used [0x00000000ee680000,0x00000000f09fc610,0x00000000f0a00000)
  to   space 45568K, 0% used [0x00000000eba00000,0x00000000eba00000,0x00000000ee680000)
 ParOldGen       total 155136K, used 79644K [0x0000000080000000, 0x0000000089780000, 0x00000000d5580000)
  object space 155136K, 51% used [0x0000000080000000,0x0000000084dc7260,0x0000000089780000)
 Metaspace       used 85675K, capacity 90123K, committed 90264K, reserved 1128448K
  class space    used 11355K, capacity 12169K, committed 12208K, reserved 1048576K
}
Event: 77.618 GC heap before
{Heap before GC invocations=25 (full 4):
 PSYoungGen      total 401408K, used 401393K [0x00000000d5580000, 0x00000000f3700000, 0x0000000100000000)
  eden space 365056K, 100% used [0x00000000d5580000,0x00000000eba00000,0x00000000eba00000)
  from space 36352K, 99% used [0x00000000ee680000,0x00000000f09fc610,0x00000000f0a00000)
  to   space 45568K, 0% used [0x00000000eba00000,0x00000000eba00000,0x00000000ee680000)
 ParOldGen       total 155136K, used 79644K [0x0000000080000000, 0x0000000089780000, 0x00000000d5580000)
  object space 155136K, 51% used [0x0000000080000000,0x0000000084dc7260,0x0000000089780000)
 Metaspace       used 85733K, capacity 90143K, committed 90264K, reserved 1128448K
  class space    used 11357K, capacity 12169K, committed 12208K, reserved 1048576K
Event: 77.679 GC heap after
Heap after GC invocations=25 (full 4):
 PSYoungGen      total 410624K, used 45547K [0x00000000d5580000, 0x00000000f8a80000, 0x0000000100000000)
  eden space 365056K, 0% used [0x00000000d5580000,0x00000000d5580000,0x00000000eba00000)
  from space 45568K, 99% used [0x00000000eba00000,0x00000000ee67afe0,0x00000000ee680000)
  to   space 56320K, 0% used [0x00000000f5380000,0x00000000f5380000,0x00000000f8a80000)
 ParOldGen       total 155136K, used 87333K [0x0000000080000000, 0x0000000089780000, 0x00000000d5580000)
  object space 155136K, 56% used [0x0000000080000000,0x00000000855495b8,0x0000000089780000)
 Metaspace       used 85733K, capacity 90143K, committed 90264K, reserved 1128448K
  class space    used 11357K, capacity 12169K, committed 12208K, reserved 1048576K
}
Event: 78.596 GC heap before
{Heap before GC invocations=26 (full 4):
 PSYoungGen      total 410624K, used 410603K [0x00000000d5580000, 0x00000000f8a80000, 0x0000000100000000)
  eden space 365056K, 100% used [0x00000000d5580000,0x00000000eba00000,0x00000000eba00000)
  from space 45568K, 99% used [0x00000000eba00000,0x00000000ee67afe0,0x00000000ee680000)
  to   space 56320K, 0% used [0x00000000f5380000,0x00000000f5380000,0x00000000f8a80000)
 ParOldGen       total 155136K, used 87333K [0x0000000080000000, 0x0000000089780000, 0x00000000d5580000)
  object space 155136K, 56% used [0x0000000080000000,0x00000000855495b8,0x0000000089780000)
 Metaspace       used 85772K, capacity 90229K, committed 90520K, reserved 1128448K
  class space    used 11357K, capacity 12170K, committed 12208K, reserved 1048576K
Event: 78.658 GC heap after
Heap after GC invocations=26 (full 4):
 PSYoungGen      total 524288K, used 24704K [0x00000000d5580000, 0x00000000f8e80000, 0x0000000100000000)
  eden space 467968K, 0% used [0x00000000d5580000,0x00000000d5580000,0x00000000f1e80000)
  from space 56320K, 43% used [0x00000000f5380000,0x00000000f6ba0388,0x00000000f8a80000)
  to   space 54272K, 0% used [0x00000000f1e80000,0x00000000f1e80000,0x00000000f5380000)
 ParOldGen       total 155136K, used 113469K [0x0000000080000000, 0x0000000089780000, 0x00000000d5580000)
  object space 155136K, 73% used [0x0000000080000000,0x0000000086ecf628,0x0000000089780000)
 Metaspace       used 85772K, capacity 90229K, committed 90520K, reserved 1128448K
  class space    used 11357K, capacity 12170K, committed 12208K, reserved 1048576K
}
Event: 79.812 GC heap before
{Heap before GC invocations=27 (full 4):
 PSYoungGen      total 524288K, used 492672K [0x00000000d5580000, 0x00000000f8e80000, 0x0000000100000000)
  eden space 467968K, 100% used [0x00000000d5580000,0x00000000f1e80000,0x00000000f1e80000)
  from space 56320K, 43% used [0x00000000f5380000,0x00000000f6ba0388,0x00000000f8a80000)
  to   space 54272K, 0% used [0x00000000f1e80000,0x00000000f1e80000,0x00000000f5380000)
 ParOldGen       total 155136K, used 113469K [0x0000000080000000, 0x0000000089780000, 0x00000000d5580000)
  object space 155136K, 73% used [0x0000000080000000,0x0000000086ecf628,0x0000000089780000)
 Metaspace       used 85845K, capacity 90253K, committed 90520K, reserved 1128448K
  class space    used 11362K, capacity 12172K, committed 12208K, reserved 1048576K
Event: 80.131 GC heap after
Heap after GC invocations=27 (full 4):
 PSYoungGen      total 522240K, used 21959K [0x00000000d5580000, 0x00000000f8e80000, 0x0000000100000000)
  eden space 467968K, 0% used [0x00000000d5580000,0x00000000d5580000,0x00000000f1e80000)
  from space 54272K, 40% used [0x00000000f1e80000,0x00000000f33f1c28,0x00000000f5380000)
  to   space 56320K, 0% used [0x00000000f5380000,0x00000000f5380000,0x00000000f8a80000)
 ParOldGen       total 155136K, used 126489K [0x0000000080000000, 0x0000000089780000, 0x00000000d5580000)
  object space 155136K, 81% used [0x0000000080000000,0x0000000087b86490,0x0000000089780000)
 Metaspace       used 85845K, capacity 90253K, committed 90520K, reserved 1128448K
  class space    used 11362K, capacity 12172K, committed 12208K, reserved 1048576K
}
Event: 81.206 GC heap before
{Heap before GC invocations=28 (full 4):
 PSYoungGen      total 522240K, used 489927K [0x00000000d5580000, 0x00000000f8e80000, 0x0000000100000000)
  eden space 467968K, 100% used [0x00000000d5580000,0x00000000f1e80000,0x00000000f1e80000)
  from space 54272K, 40% used [0x00000000f1e80000,0x00000000f33f1c28,0x00000000f5380000)
  to   space 56320K, 0% used [0x00000000f5380000,0x00000000f5380000,0x00000000f8a80000)
 ParOldGen       total 155136K, used 126489K [0x0000000080000000, 0x0000000089780000, 0x00000000d5580000)
  object space 155136K, 81% used [0x0000000080000000,0x0000000087b86490,0x0000000089780000)
 Metaspace       used 85861K, capacity 90317K, committed 90520K, reserved 1128448K
  class space    used 11362K, capacity 12172K, committed 12208K, reserved 1048576K
Event: 81.257 GC heap after
Heap after GC invocations=28 (full 4):
 PSYoungGen      total 524288K, used 18258K [0x00000000d5580000, 0x00000000f8e80000, 0x0000000100000000)
  eden space 467968K, 0% used [0x00000000d5580000,0x00000000d5580000,0x00000000f1e80000)
  from space 56320K, 32% used [0x00000000f5380000,0x00000000f6554918,0x00000000f8a80000)
  to   space 54272K, 0% used [0x00000000f1e80000,0x00000000f1e80000,0x00000000f5380000)
 ParOldGen       total 155136K, used 138927K [0x0000000080000000, 0x0000000089780000, 0x00000000d5580000)
  object space 155136K, 89% used [0x0000000080000000,0x00000000887abe90,0x0000000089780000)
 Metaspace       used 85861K, capacity 90317K, committed 90520K, reserved 1128448K
  class space    used 11362K, capacity 12172K, committed 12208K, reserved 1048576K
}
Event: 81.257 GC heap before
{Heap before GC invocations=29 (full 5):
 PSYoungGen      total 524288K, used 18258K [0x00000000d5580000, 0x00000000f8e80000, 0x0000000100000000)
  eden space 467968K, 0% used [0x00000000d5580000,0x00000000d5580000,0x00000000f1e80000)
  from space 56320K, 32% used [0x00000000f5380000,0x00000000f6554918,0x00000000f8a80000)
  to   space 54272K, 0% used [0x00000000f1e80000,0x00000000f1e80000,0x00000000f5380000)
 ParOldGen       total 155136K, used 138927K [0x0000000080000000, 0x0000000089780000, 0x00000000d5580000)
  object space 155136K, 89% used [0x0000000080000000,0x00000000887abe90,0x0000000089780000)
 Metaspace       used 85861K, capacity 90317K, committed 90520K, reserved 1128448K
  class space    used 11362K, capacity 12172K, committed 12208K, reserved 1048576K

