# JRE version: OpenJDK Runtime Environment (8.0_242-b01) (build 1.8.0_242-release-1644-b01)
# Java VM: OpenJDK 64-Bit Server VM (25.242-b01 mixed mode windows-amd64 compressed oops)
Heap:
 PSYoungGen      total 579584K, used 358453K [0x00000000d5580000, 0x00000000fbd80000, 0x0000000100000000)
  eden space 528384K, 66% used [0x00000000d5580000,0x00000000eaec8b40,0x00000000f5980000)
  from space 51200K, 9% used [0x00000000f5980000,0x00000000f5e44bc0,0x00000000f8b80000)
  to   space 50688K, 0% used [0x00000000f8c00000,0x00000000f8c00000,0x00000000fbd80000)
 ParOldGen       total 162304K, used 127290K [0x0000000080000000, 0x0000000089e80000, 0x00000000d5580000)
  object space 162304K, 78% used [0x0000000080000000,0x0000000087c4ea28,0x0000000089e80000)
 Metaspace       used 95711K, capacity 101021K, committed 102680K, reserved 1138688K
  class space    used 12426K, capacity 13369K, committed 13872K, reserved 1048576K
GC Heap History (10 events):
Event: 474.381 GC heap before
{Heap before GC invocations=29 (full 4):
 PSYoungGen      total 486400K, used 441098K [0x00000000d5580000, 0x00000000f6700000, 0x0000000100000000)
  eden space 433664K, 100% used [0x00000000d5580000,0x00000000efd00000,0x00000000efd00000)
  from space 52736K, 14% used [0x00000000f3380000,0x00000000f3ac2858,0x00000000f6700000)
  to   space 54272K, 0% used [0x00000000efd00000,0x00000000efd00000,0x00000000f3200000)
 ParOldGen       total 162304K, used 97274K [0x0000000080000000, 0x0000000089e80000, 0x00000000d5580000)
  object space 162304K, 59% used [0x0000000080000000,0x0000000085efe848,0x0000000089e80000)
 Metaspace       used 95493K, capacity 100799K, committed 102680K, reserved 1138688K
  class space    used 12425K, capacity 13368K, committed 13872K, reserved 1048576K
Event: 474.399 GC heap after
Heap after GC invocations=29 (full 4):
 PSYoungGen      total 487936K, used 6486K [0x00000000d5580000, 0x00000000fc000000, 0x0000000100000000)
  eden space 433664K, 0% used [0x00000000d5580000,0x00000000d5580000,0x00000000efd00000)
  from space 54272K, 11% used [0x00000000efd00000,0x00000000f0355960,0x00000000f3200000)
  to   space 53248K, 0% used [0x00000000f8c00000,0x00000000f8c00000,0x00000000fc000000)
 ParOldGen       total 162304K, used 102377K [0x0000000080000000, 0x0000000089e80000, 0x00000000d5580000)
  object space 162304K, 63% used [0x0000000080000000,0x00000000863fa640,0x0000000089e80000)
 Metaspace       used 95493K, capacity 100799K, committed 102680K, reserved 1138688K
  class space    used 12425K, capacity 13368K, committed 13872K, reserved 1048576K
}
Event: 474.965 GC heap before
{Heap before GC invocations=30 (full 4):
 PSYoungGen      total 487936K, used 440150K [0x00000000d5580000, 0x00000000fc000000, 0x0000000100000000)
  eden space 433664K, 100% used [0x00000000d5580000,0x00000000efd00000,0x00000000efd00000)
  from space 54272K, 11% used [0x00000000efd00000,0x00000000f0355960,0x00000000f3200000)
  to   space 53248K, 0% used [0x00000000f8c00000,0x00000000f8c00000,0x00000000fc000000)
 ParOldGen       total 162304K, used 102377K [0x0000000080000000, 0x0000000089e80000, 0x00000000d5580000)
  object space 162304K, 63% used [0x0000000080000000,0x00000000863fa640,0x0000000089e80000)
 Metaspace       used 95556K, capacity 100867K, committed 102680K, reserved 1138688K
  class space    used 12425K, capacity 13368K, committed 13872K, reserved 1048576K
Event: 474.990 GC heap after
Heap after GC invocations=30 (full 4):
 PSYoungGen      total 579072K, used 12485K [0x00000000d5580000, 0x00000000fbd80000, 0x0000000100000000)
  eden space 528384K, 0% used [0x00000000d5580000,0x00000000d5580000,0x00000000f5980000)
  from space 50688K, 24% used [0x00000000f8c00000,0x00000000f9831770,0x00000000fbd80000)
  to   space 51200K, 0% used [0x00000000f5980000,0x00000000f5980000,0x00000000f8b80000)
 ParOldGen       total 162304K, used 107545K [0x0000000080000000, 0x0000000089e80000, 0x00000000d5580000)
  object space 162304K, 66% used [0x0000000080000000,0x0000000086906468,0x0000000089e80000)
 Metaspace       used 95556K, capacity 100867K, committed 102680K, reserved 1138688K
  class space    used 12425K, capacity 13368K, committed 13872K, reserved 1048576K
}
Event: 475.708 GC heap before
{Heap before GC invocations=31 (full 4):
 PSYoungGen      total 579072K, used 540869K [0x00000000d5580000, 0x00000000fbd80000, 0x0000000100000000)
  eden space 528384K, 100% used [0x00000000d5580000,0x00000000f5980000,0x00000000f5980000)
  from space 50688K, 24% used [0x00000000f8c00000,0x00000000f9831770,0x00000000fbd80000)
  to   space 51200K, 0% used [0x00000000f5980000,0x00000000f5980000,0x00000000f8b80000)
 ParOldGen       total 162304K, used 107545K [0x0000000080000000, 0x0000000089e80000, 0x00000000d5580000)
  object space 162304K, 66% used [0x0000000080000000,0x0000000086906468,0x0000000089e80000)
 Metaspace       used 95569K, capacity 100867K, committed 102680K, reserved 1138688K
  class space    used 12425K, capacity 13368K, committed 13872K, reserved 1048576K
Event: 475.734 GC heap after
Heap after GC invocations=31 (full 4):
 PSYoungGen      total 579584K, used 5728K [0x00000000d5580000, 0x00000000fbd80000, 0x0000000100000000)
  eden space 528384K, 0% used [0x00000000d5580000,0x00000000d5580000,0x00000000f5980000)
  from space 51200K, 11% used [0x00000000f5980000,0x00000000f5f18000,0x00000000f8b80000)
  to   space 50688K, 0% used [0x00000000f8c00000,0x00000000f8c00000,0x00000000fbd80000)
 ParOldGen       total 162304K, used 118595K [0x0000000080000000, 0x0000000089e80000, 0x00000000d5580000)
  object space 162304K, 73% used [0x0000000080000000,0x00000000873d0d08,0x0000000089e80000)
 Metaspace       used 95569K, capacity 100867K, committed 102680K, reserved 1138688K
  class space    used 12425K, capacity 13368K, committed 13872K, reserved 1048576K
}
Event: 476.510 GC heap before
{Heap before GC invocations=32 (full 4):
 PSYoungGen      total 579584K, used 534112K [0x00000000d5580000, 0x00000000fbd80000, 0x0000000100000000)
  eden space 528384K, 100% used [0x00000000d5580000,0x00000000f5980000,0x00000000f5980000)
  from space 51200K, 11% used [0x00000000f5980000,0x00000000f5f18000,0x00000000f8b80000)
  to   space 50688K, 0% used [0x00000000f8c00000,0x00000000f8c00000,0x00000000fbd80000)
 ParOldGen       total 162304K, used 118595K [0x0000000080000000, 0x0000000089e80000, 0x00000000d5580000)
  object space 162304K, 73% used [0x0000000080000000,0x00000000873d0d08,0x0000000089e80000)
 Metaspace       used 95623K, capacity 100939K, committed 102680K, reserved 1138688K
  class space    used 12425K, capacity 13368K, committed 13872K, reserved 1048576K
Event: 476.535 GC heap after
Heap after GC invocations=32 (full 4):
 PSYoungGen      total 579072K, used 7920K [0x00000000d5580000, 0x00000000fbd80000, 0x0000000100000000)
  eden space 528384K, 0% used [0x00000000d5580000,0x00000000d5580000,0x00000000f5980000)
  from space 50688K, 15% used [0x00000000f8c00000,0x00000000f93bc290,0x00000000fbd80000)
  to   space 51200K, 0% used [0x00000000f5980000,0x00000000f5980000,0x00000000f8b80000)
 ParOldGen       total 162304K, used 122904K [0x0000000080000000, 0x0000000089e80000, 0x00000000d5580000)
  object space 162304K, 75% used [0x0000000080000000,0x00000000878063c8,0x0000000089e80000)
 Metaspace       used 95623K, capacity 100939K, committed 102680K, reserved 1138688K
  class space    used 12425K, capacity 13368K, committed 13872K, reserved 1048576K
}
Event: 478.039 GC heap before
{Heap before GC invocations=33 (full 4):
 PSYoungGen      total 579072K, used 536304K [0x00000000d5580000, 0x00000000fbd80000, 0x0000000100000000)
  eden space 528384K, 100% used [0x00000000d5580000,0x00000000f5980000,0x00000000f5980000)
  from space 50688K, 15% used [0x00000000f8c00000,0x00000000f93bc290,0x00000000fbd80000)
  to   space 51200K, 0% used [0x00000000f5980000,0x00000000f5980000,0x00000000f8b80000)
 ParOldGen       total 162304K, used 122904K [0x0000000080000000, 0x0000000089e80000, 0x00000000d5580000)
  object space 162304K, 75% used [0x0000000080000000,0x00000000878063c8,0x0000000089e80000)
 Metaspace       used 95681K, capacity 101003K, committed 102680K, reserved 1138688K
  class space    used 12425K, capacity 13368K, committed 13872K, reserved 1048576K
Event: 478.057 GC heap after
Heap after GC invocations=33 (full 4):
 PSYoungGen      total 579584K, used 4882K [0x00000000d5580000, 0x00000000fbd80000, 0x0000000100000000)
  eden space 528384K, 0% used [0x00000000d5580000,0x00000000d5580000,0x00000000f5980000)
  from space 51200K, 9% used [0x00000000f5980000,0x00000000f5e44bc0,0x00000000f8b80000)
  to   space 50688K, 0% used [0x00000000f8c00000,0x00000000f8c00000,0x00000000fbd80000)
 ParOldGen       total 162304K, used 127290K [0x0000000080000000, 0x0000000089e80000, 0x00000000d5580000)
  object space 162304K, 78% used [0x0000000080000000,0x0000000087c4ea28,0x0000000089e80000)
 Metaspace       used 95681K, capacity 101003K, committed 102680K, reserved 1138688K
  class space    used 12425K, capacity 13368K, committed 13872K, reserved 1048576K
}

