# JRE version: OpenJDK Runtime Environment (8.0_242-b01) (build 1.8.0_242-release-1644-b01)
# Java VM: OpenJDK 64-Bit Server VM (25.242-b01 mixed mode windows-amd64 compressed oops)
Heap:
 PSYoungGen      total 444928K, used 182111K [0x00000000d5580000, 0x00000000f7f00000, 0x0000000100000000)
  eden space 415232K, 40% used [0x00000000d5580000,0x00000000df904df0,0x00000000eeb00000)
  from space 29696K, 49% used [0x00000000eeb00000,0x00000000ef952f48,0x00000000f0800000)
  to   space 29184K, 0% used [0x00000000f6280000,0x00000000f6280000,0x00000000f7f00000)
 ParOldGen       total 127488K, used 64102K [0x0000000080000000, 0x0000000087c80000, 0x00000000d5580000)
  object space 127488K, 50% used [0x0000000080000000,0x0000000083e99a48,0x0000000087c80000)
 Metaspace       used 82545K, capacity 86158K, committed 86872K, reserved 1124352K
  class space    used 11006K, capacity 11744K, committed 11904K, reserved 1048576K
GC Heap History (10 events):
Event: 67.055 GC heap before
{Heap before GC invocations=19 (full 3):
 PSYoungGen      total 314880K, used 288467K [0x00000000d5580000, 0x00000000ee100000, 0x0000000100000000)
  eden space 282112K, 100% used [0x00000000d5580000,0x00000000e6900000,0x00000000e6900000)
  from space 32768K, 19% used [0x00000000e6900000,0x00000000e6f34f10,0x00000000e8900000)
  to   space 31744K, 0% used [0x00000000ec200000,0x00000000ec200000,0x00000000ee100000)
 ParOldGen       total 86016K, used 68973K [0x0000000080000000, 0x0000000085400000, 0x00000000d5580000)
  object space 86016K, 80% used [0x0000000080000000,0x000000008435b510,0x0000000085400000)
 Metaspace       used 81578K, capacity 85634K, committed 85848K, reserved 1124352K
  class space    used 10981K, capacity 11778K, committed 11904K, reserved 1048576K
Event: 67.064 GC heap after
Heap after GC invocations=19 (full 3):
 PSYoungGen      total 365056K, used 5797K [0x00000000d5580000, 0x00000000edc00000, 0x0000000100000000)
  eden space 338432K, 0% used [0x00000000d5580000,0x00000000d5580000,0x00000000ea000000)
  from space 26624K, 21% used [0x00000000ec200000,0x00000000ec7a9440,0x00000000edc00000)
  to   space 30720K, 0% used [0x00000000ea000000,0x00000000ea000000,0x00000000ebe00000)
 ParOldGen       total 86016K, used 68981K [0x0000000080000000, 0x0000000085400000, 0x00000000d5580000)
  object space 86016K, 80% used [0x0000000080000000,0x000000008435d510,0x0000000085400000)
 Metaspace       used 81578K, capacity 85634K, committed 85848K, reserved 1124352K
  class space    used 10981K, capacity 11778K, committed 11904K, reserved 1048576K
}
Event: 67.372 GC heap before
{Heap before GC invocations=20 (full 3):
 PSYoungGen      total 365056K, used 344229K [0x00000000d5580000, 0x00000000edc00000, 0x0000000100000000)
  eden space 338432K, 100% used [0x00000000d5580000,0x00000000ea000000,0x00000000ea000000)
  from space 26624K, 21% used [0x00000000ec200000,0x00000000ec7a9440,0x00000000edc00000)
  to   space 30720K, 0% used [0x00000000ea000000,0x00000000ea000000,0x00000000ebe00000)
 ParOldGen       total 86016K, used 68981K [0x0000000080000000, 0x0000000085400000, 0x00000000d5580000)
  object space 86016K, 80% used [0x0000000080000000,0x000000008435d510,0x0000000085400000)
 Metaspace       used 81982K, capacity 86018K, committed 86104K, reserved 1124352K
  class space    used 11022K, capacity 11842K, committed 11904K, reserved 1048576K
Event: 67.391 GC heap after
Heap after GC invocations=20 (full 3):
 PSYoungGen      total 369152K, used 16055K [0x00000000d5580000, 0x00000000f2600000, 0x0000000100000000)
  eden space 338432K, 0% used [0x00000000d5580000,0x00000000d5580000,0x00000000ea000000)
  from space 30720K, 52% used [0x00000000ea000000,0x00000000eafadd50,0x00000000ebe00000)
  to   space 30720K, 0% used [0x00000000f0800000,0x00000000f0800000,0x00000000f2600000)
 ParOldGen       total 86016K, used 68989K [0x0000000080000000, 0x0000000085400000, 0x00000000d5580000)
  object space 86016K, 80% used [0x0000000080000000,0x000000008435f510,0x0000000085400000)
 Metaspace       used 81982K, capacity 86018K, committed 86104K, reserved 1124352K
  class space    used 11022K, capacity 11842K, committed 11904K, reserved 1048576K
}
Event: 67.853 GC heap before
{Heap before GC invocations=21 (full 3):
 PSYoungGen      total 369152K, used 354487K [0x00000000d5580000, 0x00000000f2600000, 0x0000000100000000)
  eden space 338432K, 100% used [0x00000000d5580000,0x00000000ea000000,0x00000000ea000000)
  from space 30720K, 52% used [0x00000000ea000000,0x00000000eafadd50,0x00000000ebe00000)
  to   space 30720K, 0% used [0x00000000f0800000,0x00000000f0800000,0x00000000f2600000)
 ParOldGen       total 86016K, used 68989K [0x0000000080000000, 0x0000000085400000, 0x00000000d5580000)
  object space 86016K, 80% used [0x0000000080000000,0x000000008435f510,0x0000000085400000)
 Metaspace       used 82040K, capacity 86082K, committed 86360K, reserved 1124352K
  class space    used 11022K, capacity 11842K, committed 11904K, reserved 1048576K
Event: 67.864 GC heap after
Heap after GC invocations=21 (full 3):
 PSYoungGen      total 445440K, used 7141K [0x00000000d5580000, 0x00000000f2580000, 0x0000000100000000)
  eden space 415232K, 0% used [0x00000000d5580000,0x00000000d5580000,0x00000000eeb00000)
  from space 30208K, 23% used [0x00000000f0800000,0x00000000f0ef97e8,0x00000000f2580000)
  to   space 29696K, 0% used [0x00000000eeb00000,0x00000000eeb00000,0x00000000f0800000)
 ParOldGen       total 86016K, used 72999K [0x0000000080000000, 0x0000000085400000, 0x00000000d5580000)
  object space 86016K, 84% used [0x0000000080000000,0x0000000084749f18,0x0000000085400000)
 Metaspace       used 82040K, capacity 86082K, committed 86360K, reserved 1124352K
  class space    used 11022K, capacity 11842K, committed 11904K, reserved 1048576K
}
Event: 67.864 GC heap before
{Heap before GC invocations=22 (full 4):
 PSYoungGen      total 445440K, used 7141K [0x00000000d5580000, 0x00000000f2580000, 0x0000000100000000)
  eden space 415232K, 0% used [0x00000000d5580000,0x00000000d5580000,0x00000000eeb00000)
  from space 30208K, 23% used [0x00000000f0800000,0x00000000f0ef97e8,0x00000000f2580000)
  to   space 29696K, 0% used [0x00000000eeb00000,0x00000000eeb00000,0x00000000f0800000)
 ParOldGen       total 86016K, used 72999K [0x0000000080000000, 0x0000000085400000, 0x00000000d5580000)
  object space 86016K, 84% used [0x0000000080000000,0x0000000084749f18,0x0000000085400000)
 Metaspace       used 82040K, capacity 86082K, committed 86360K, reserved 1124352K
  class space    used 11022K, capacity 11842K, committed 11904K, reserved 1048576K
Event: 68.122 GC heap after
Heap after GC invocations=22 (full 4):
 PSYoungGen      total 445440K, used 0K [0x00000000d5580000, 0x00000000f2580000, 0x0000000100000000)
  eden space 415232K, 0% used [0x00000000d5580000,0x00000000d5580000,0x00000000eeb00000)
  from space 30208K, 0% used [0x00000000f0800000,0x00000000f0800000,0x00000000f2580000)
  to   space 29696K, 0% used [0x00000000eeb00000,0x00000000eeb00000,0x00000000f0800000)
 ParOldGen       total 127488K, used 64094K [0x0000000080000000, 0x0000000087c80000, 0x00000000d5580000)
  object space 127488K, 50% used [0x0000000080000000,0x0000000083e97a48,0x0000000087c80000)
 Metaspace       used 81779K, capacity 85328K, committed 86360K, reserved 1124352K
  class space    used 10940K, capacity 11695K, committed 11904K, reserved 1048576K
}
Event: 72.573 GC heap before
{Heap before GC invocations=23 (full 4):
 PSYoungGen      total 445440K, used 415232K [0x00000000d5580000, 0x00000000f2580000, 0x0000000100000000)
  eden space 415232K, 100% used [0x00000000d5580000,0x00000000eeb00000,0x00000000eeb00000)
  from space 30208K, 0% used [0x00000000f0800000,0x00000000f0800000,0x00000000f2580000)
  to   space 29696K, 0% used [0x00000000eeb00000,0x00000000eeb00000,0x00000000f0800000)
 ParOldGen       total 127488K, used 64094K [0x0000000080000000, 0x0000000087c80000, 0x00000000d5580000)
  object space 127488K, 50% used [0x0000000080000000,0x0000000083e97a48,0x0000000087c80000)
 Metaspace       used 82514K, capacity 86156K, committed 86872K, reserved 1124352K
  class space    used 11003K, capacity 11743K, committed 11904K, reserved 1048576K
Event: 72.594 GC heap after
Heap after GC invocations=23 (full 4):
 PSYoungGen      total 444928K, used 14667K [0x00000000d5580000, 0x00000000f7f00000, 0x0000000100000000)
  eden space 415232K, 0% used [0x00000000d5580000,0x00000000d5580000,0x00000000eeb00000)
  from space 29696K, 49% used [0x00000000eeb00000,0x00000000ef952f48,0x00000000f0800000)
  to   space 29184K, 0% used [0x00000000f6280000,0x00000000f6280000,0x00000000f7f00000)
 ParOldGen       total 127488K, used 64102K [0x0000000080000000, 0x0000000087c80000, 0x00000000d5580000)
  object space 127488K, 50% used [0x0000000080000000,0x0000000083e99a48,0x0000000087c80000)
 Metaspace       used 82514K, capacity 86156K, committed 86872K, reserved 1124352K
  class space    used 11003K, capacity 11743K, committed 11904K, reserved 1048576K
}

