# JRE version: OpenJDK Runtime Environment (8.0_242-b01) (build 1.8.0_242-release-1644-b01)
# Java VM: OpenJDK 64-Bit Server VM (25.242-b01 mixed mode windows-amd64 compressed oops)
Heap:
 PSYoungGen      total 524800K, used 335526K [0x00000000d5580000, 0x00000000ff000000, 0x0000000100000000)
  eden space 492544K, 66% used [0x00000000d5580000,0x00000000e97618f0,0x00000000f3680000)
  from space 32256K, 18% used [0x00000000f3680000,0x00000000f3c48000,0x00000000f5600000)
  to   space 31232K, 0% used [0x00000000fd180000,0x00000000fd180000,0x00000000ff000000)
 ParOldGen       total 168960K, used 104858K [0x0000000080000000, 0x000000008a500000, 0x00000000d5580000)
  object space 168960K, 62% used [0x0000000080000000,0x0000000086666878,0x000000008a500000)
 Metaspace       used 78933K, capacity 83016K, committed 84392K, reserved 1122304K
  class space    used 10767K, capacity 11519K, committed 11952K, reserved 1048576K
GC Heap History (10 events):
Event: 34.809 GC heap before
{Heap before GC invocations=21 (full 4):
 PSYoungGen      total 341504K, used 326944K [0x00000000d5580000, 0x00000000eda00000, 0x0000000100000000)
  eden space 324096K, 100% used [0x00000000d5580000,0x00000000e9200000,0x00000000e9200000)
  from space 17408K, 16% used [0x00000000ec900000,0x00000000ecbc8000,0x00000000eda00000)
  to   space 36864K, 0% used [0x00000000e9200000,0x00000000e9200000,0x00000000eb600000)
 ParOldGen       total 168960K, used 87869K [0x0000000080000000, 0x000000008a500000, 0x00000000d5580000)
  object space 168960K, 52% used [0x0000000080000000,0x00000000855cf748,0x000000008a500000)
 Metaspace       used 78246K, capacity 82288K, committed 83880K, reserved 1122304K
  class space    used 10754K, capacity 11505K, committed 11952K, reserved 1048576K
Event: 34.822 GC heap after
Heap after GC invocations=21 (full 4):
 PSYoungGen      total 360960K, used 5692K [0x00000000d5580000, 0x00000000f1b80000, 0x0000000100000000)
  eden space 324096K, 0% used [0x00000000d5580000,0x00000000d5580000,0x00000000e9200000)
  from space 36864K, 15% used [0x00000000e9200000,0x00000000e978f008,0x00000000eb600000)
  to   space 35840K, 0% used [0x00000000ef880000,0x00000000ef880000,0x00000000f1b80000)
 ParOldGen       total 168960K, used 89938K [0x0000000080000000, 0x000000008a500000, 0x00000000d5580000)
  object space 168960K, 53% used [0x0000000080000000,0x00000000857d4ab0,0x000000008a500000)
 Metaspace       used 78246K, capacity 82288K, committed 83880K, reserved 1122304K
  class space    used 10754K, capacity 11505K, committed 11952K, reserved 1048576K
}
Event: 35.351 GC heap before
{Heap before GC invocations=22 (full 4):
 PSYoungGen      total 360960K, used 329788K [0x00000000d5580000, 0x00000000f1b80000, 0x0000000100000000)
  eden space 324096K, 100% used [0x00000000d5580000,0x00000000e9200000,0x00000000e9200000)
  from space 36864K, 15% used [0x00000000e9200000,0x00000000e978f008,0x00000000eb600000)
  to   space 35840K, 0% used [0x00000000ef880000,0x00000000ef880000,0x00000000f1b80000)
 ParOldGen       total 168960K, used 89938K [0x0000000080000000, 0x000000008a500000, 0x00000000d5580000)
  object space 168960K, 53% used [0x0000000080000000,0x00000000857d4ab0,0x000000008a500000)
 Metaspace       used 78506K, capacity 82650K, committed 84136K, reserved 1122304K
  class space    used 10767K, capacity 11518K, committed 11952K, reserved 1048576K
Event: 35.366 GC heap after
Heap after GC invocations=22 (full 4):
 PSYoungGen      total 430080K, used 4064K [0x00000000d5580000, 0x00000000f1f80000, 0x0000000100000000)
  eden space 394240K, 0% used [0x00000000d5580000,0x00000000d5580000,0x00000000ed680000)
  from space 35840K, 11% used [0x00000000ef880000,0x00000000efc78000,0x00000000f1b80000)
  to   space 34816K, 0% used [0x00000000ed680000,0x00000000ed680000,0x00000000ef880000)
 ParOldGen       total 168960K, used 93514K [0x0000000080000000, 0x000000008a500000, 0x00000000d5580000)
  object space 168960K, 55% used [0x0000000080000000,0x0000000085b52b38,0x000000008a500000)
 Metaspace       used 78506K, capacity 82650K, committed 84136K, reserved 1122304K
  class space    used 10767K, capacity 11518K, committed 11952K, reserved 1048576K
}
Event: 35.927 GC heap before
{Heap before GC invocations=23 (full 4):
 PSYoungGen      total 430080K, used 398304K [0x00000000d5580000, 0x00000000f1f80000, 0x0000000100000000)
  eden space 394240K, 100% used [0x00000000d5580000,0x00000000ed680000,0x00000000ed680000)
  from space 35840K, 11% used [0x00000000ef880000,0x00000000efc78000,0x00000000f1b80000)
  to   space 34816K, 0% used [0x00000000ed680000,0x00000000ed680000,0x00000000ef880000)
 ParOldGen       total 168960K, used 93514K [0x0000000080000000, 0x000000008a500000, 0x00000000d5580000)
  object space 168960K, 55% used [0x0000000080000000,0x0000000085b52b38,0x000000008a500000)
 Metaspace       used 78562K, capacity 82666K, committed 84136K, reserved 1122304K
  class space    used 10767K, capacity 11518K, committed 11952K, reserved 1048576K
Event: 35.945 GC heap after
Heap after GC invocations=23 (full 4):
 PSYoungGen      total 429056K, used 4480K [0x00000000d5580000, 0x00000000f7700000, 0x0000000100000000)
  eden space 394240K, 0% used [0x00000000d5580000,0x00000000d5580000,0x00000000ed680000)
  from space 34816K, 12% used [0x00000000ed680000,0x00000000edae0010,0x00000000ef880000)
  to   space 33792K, 0% used [0x00000000f5600000,0x00000000f5600000,0x00000000f7700000)
 ParOldGen       total 168960K, used 96870K [0x0000000080000000, 0x000000008a500000, 0x00000000d5580000)
  object space 168960K, 57% used [0x0000000080000000,0x0000000085e99b58,0x000000008a500000)
 Metaspace       used 78562K, capacity 82666K, committed 84136K, reserved 1122304K
  class space    used 10767K, capacity 11518K, committed 11952K, reserved 1048576K
}
Event: 36.452 GC heap before
{Heap before GC invocations=24 (full 4):
 PSYoungGen      total 429056K, used 398720K [0x00000000d5580000, 0x00000000f7700000, 0x0000000100000000)
  eden space 394240K, 100% used [0x00000000d5580000,0x00000000ed680000,0x00000000ed680000)
  from space 34816K, 12% used [0x00000000ed680000,0x00000000edae0010,0x00000000ef880000)
  to   space 33792K, 0% used [0x00000000f5600000,0x00000000f5600000,0x00000000f7700000)
 ParOldGen       total 168960K, used 96870K [0x0000000080000000, 0x000000008a500000, 0x00000000d5580000)
  object space 168960K, 57% used [0x0000000080000000,0x0000000085e99b58,0x000000008a500000)
 Metaspace       used 78593K, capacity 82730K, committed 84136K, reserved 1122304K
  class space    used 10767K, capacity 11518K, committed 11952K, reserved 1048576K
Event: 36.473 GC heap after
Heap after GC invocations=24 (full 4):
 PSYoungGen      total 526336K, used 5408K [0x00000000d5580000, 0x00000000f7b00000, 0x0000000100000000)
  eden space 492544K, 0% used [0x00000000d5580000,0x00000000d5580000,0x00000000f3680000)
  from space 33792K, 16% used [0x00000000f5600000,0x00000000f5b48000,0x00000000f7700000)
  to   space 32256K, 0% used [0x00000000f3680000,0x00000000f3680000,0x00000000f5600000)
 ParOldGen       total 168960K, used 100882K [0x0000000080000000, 0x000000008a500000, 0x00000000d5580000)
  object space 168960K, 59% used [0x0000000080000000,0x0000000086284b78,0x000000008a500000)
 Metaspace       used 78593K, capacity 82730K, committed 84136K, reserved 1122304K
  class space    used 10767K, capacity 11518K, committed 11952K, reserved 1048576K
}
Event: 37.441 GC heap before
{Heap before GC invocations=25 (full 4):
 PSYoungGen      total 526336K, used 497952K [0x00000000d5580000, 0x00000000f7b00000, 0x0000000100000000)
  eden space 492544K, 100% used [0x00000000d5580000,0x00000000f3680000,0x00000000f3680000)
  from space 33792K, 16% used [0x00000000f5600000,0x00000000f5b48000,0x00000000f7700000)
  to   space 32256K, 0% used [0x00000000f3680000,0x00000000f3680000,0x00000000f5600000)
 ParOldGen       total 168960K, used 100882K [0x0000000080000000, 0x000000008a500000, 0x00000000d5580000)
  object space 168960K, 59% used [0x0000000080000000,0x0000000086284b78,0x000000008a500000)
 Metaspace       used 78771K, capacity 82878K, committed 84392K, reserved 1122304K
  class space    used 10767K, capacity 11518K, committed 11952K, reserved 1048576K
Event: 37.462 GC heap after
Heap after GC invocations=25 (full 4):
 PSYoungGen      total 524800K, used 5920K [0x00000000d5580000, 0x00000000ff000000, 0x0000000100000000)
  eden space 492544K, 0% used [0x00000000d5580000,0x00000000d5580000,0x00000000f3680000)
  from space 32256K, 18% used [0x00000000f3680000,0x00000000f3c48000,0x00000000f5600000)
  to   space 31232K, 0% used [0x00000000fd180000,0x00000000fd180000,0x00000000ff000000)
 ParOldGen       total 168960K, used 104858K [0x0000000080000000, 0x000000008a500000, 0x00000000d5580000)
  object space 168960K, 62% used [0x0000000080000000,0x0000000086666878,0x000000008a500000)
 Metaspace       used 78771K, capacity 82878K, committed 84392K, reserved 1122304K
  class space    used 10767K, capacity 11518K, committed 11952K, reserved 1048576K
}

