# JRE version: OpenJDK Runtime Environment (8.0_242-b01) (build 1.8.0_242-release-1644-b01)
# Java VM: OpenJDK 64-Bit Server VM (25.242-b01 mixed mode windows-amd64 compressed oops)
Heap:
 PSYoungGen      total 474624K, used 73019K [0x00000000d5580000, 0x00000000f9100000, 0x0000000100000000)
  eden space 437248K, 15% used [0x00000000d5580000,0x00000000d96abb98,0x00000000f0080000)
  from space 37376K, 16% used [0x00000000f0080000,0x00000000f06a31a8,0x00000000f2500000)
  to   space 33280K, 0% used [0x00000000f7080000,0x00000000f7080000,0x00000000f9100000)
 ParOldGen       total 150016K, used 93245K [0x0000000080000000, 0x0000000089280000, 0x00000000d5580000)
  object space 150016K, 62% used [0x0000000080000000,0x0000000085b0f6f8,0x0000000089280000)
 Metaspace       used 84004K, capacity 88558K, committed 90024K, reserved 1126400K
  class space    used 11276K, capacity 12072K, committed 12464K, reserved 1048576K
GC Heap History (10 events):
Event: 47.348 GC heap before
{Heap before GC invocations=21 (full 4):
 PSYoungGen      total 397312K, used 366418K [0x00000000d5580000, 0x00000000f0080000, 0x0000000100000000)
  eden space 359424K, 100% used [0x00000000d5580000,0x00000000eb480000,0x00000000eb480000)
  from space 37888K, 18% used [0x00000000edb80000,0x00000000ee254af8,0x00000000f0080000)
  to   space 38912K, 0% used [0x00000000eb480000,0x00000000eb480000,0x00000000eda80000)
 ParOldGen       total 150016K, used 76260K [0x0000000080000000, 0x0000000089280000, 0x00000000d5580000)
  object space 150016K, 50% used [0x0000000080000000,0x0000000084a793f8,0x0000000089280000)
 Metaspace       used 80141K, capacity 84242K, committed 86568K, reserved 1124352K
  class space    used 10903K, capacity 11680K, committed 12336K, reserved 1048576K
Event: 47.361 GC heap after
Heap after GC invocations=21 (full 4):
 PSYoungGen      total 398336K, used 3744K [0x00000000d5580000, 0x00000000f4a80000, 0x0000000100000000)
  eden space 359424K, 0% used [0x00000000d5580000,0x00000000d5580000,0x00000000eb480000)
  from space 38912K, 9% used [0x00000000eb480000,0x00000000eb828000,0x00000000eda80000)
  to   space 38400K, 0% used [0x00000000f2500000,0x00000000f2500000,0x00000000f4a80000)
 ParOldGen       total 150016K, used 80455K [0x0000000080000000, 0x0000000089280000, 0x00000000d5580000)
  object space 150016K, 53% used [0x0000000080000000,0x0000000084e91e00,0x0000000089280000)
 Metaspace       used 80141K, capacity 84242K, committed 86568K, reserved 1124352K
  class space    used 10903K, capacity 11680K, committed 12336K, reserved 1048576K
}
Event: 48.179 GC heap before
{Heap before GC invocations=22 (full 4):
 PSYoungGen      total 398336K, used 363168K [0x00000000d5580000, 0x00000000f4a80000, 0x0000000100000000)
  eden space 359424K, 100% used [0x00000000d5580000,0x00000000eb480000,0x00000000eb480000)
  from space 38912K, 9% used [0x00000000eb480000,0x00000000eb828000,0x00000000eda80000)
  to   space 38400K, 0% used [0x00000000f2500000,0x00000000f2500000,0x00000000f4a80000)
 ParOldGen       total 150016K, used 80455K [0x0000000080000000, 0x0000000089280000, 0x00000000d5580000)
  object space 150016K, 53% used [0x0000000080000000,0x0000000084e91e00,0x0000000089280000)
 Metaspace       used 80239K, capacity 84408K, committed 86824K, reserved 1124352K
  class space    used 10912K, capacity 11683K, committed 12336K, reserved 1048576K
Event: 48.192 GC heap after
Heap after GC invocations=22 (full 4):
 PSYoungGen      total 475648K, used 4000K [0x00000000d5580000, 0x00000000f4a80000, 0x0000000100000000)
  eden space 437248K, 0% used [0x00000000d5580000,0x00000000d5580000,0x00000000f0080000)
  from space 38400K, 10% used [0x00000000f2500000,0x00000000f28e8010,0x00000000f4a80000)
  to   space 37376K, 0% used [0x00000000f0080000,0x00000000f0080000,0x00000000f2500000)
 ParOldGen       total 150016K, used 83215K [0x0000000080000000, 0x0000000089280000, 0x00000000d5580000)
  object space 150016K, 55% used [0x0000000080000000,0x0000000085143e00,0x0000000089280000)
 Metaspace       used 80239K, capacity 84408K, committed 86824K, reserved 1124352K
  class space    used 10912K, capacity 11683K, committed 12336K, reserved 1048576K
}
Event: 49.060 GC heap before
{Heap before GC invocations=23 (full 4):
 PSYoungGen      total 475648K, used 441248K [0x00000000d5580000, 0x00000000f4a80000, 0x0000000100000000)
  eden space 437248K, 100% used [0x00000000d5580000,0x00000000f0080000,0x00000000f0080000)
  from space 38400K, 10% used [0x00000000f2500000,0x00000000f28e8010,0x00000000f4a80000)
  to   space 37376K, 0% used [0x00000000f0080000,0x00000000f0080000,0x00000000f2500000)
 ParOldGen       total 150016K, used 83215K [0x0000000080000000, 0x0000000089280000, 0x00000000d5580000)
  object space 150016K, 55% used [0x0000000080000000,0x0000000085143e00,0x0000000089280000)
 Metaspace       used 80280K, capacity 84480K, committed 86824K, reserved 1124352K
  class space    used 10912K, capacity 11683K, committed 12336K, reserved 1048576K
Event: 49.074 GC heap after
Heap after GC invocations=23 (full 4):
 PSYoungGen      total 474624K, used 4640K [0x00000000d5580000, 0x00000000f4a80000, 0x0000000100000000)
  eden space 437248K, 0% used [0x00000000d5580000,0x00000000d5580000,0x00000000f0080000)
  from space 37376K, 12% used [0x00000000f0080000,0x00000000f0508000,0x00000000f2500000)
  to   space 38400K, 0% used [0x00000000f2500000,0x00000000f2500000,0x00000000f4a80000)
 ParOldGen       total 150016K, used 86605K [0x0000000080000000, 0x0000000089280000, 0x00000000d5580000)
  object space 150016K, 57% used [0x0000000080000000,0x0000000085493510,0x0000000089280000)
 Metaspace       used 80280K, capacity 84480K, committed 86824K, reserved 1124352K
  class space    used 10912K, capacity 11683K, committed 12336K, reserved 1048576K
}
Event: 50.806 GC heap before
{Heap before GC invocations=24 (full 4):
 PSYoungGen      total 474624K, used 441888K [0x00000000d5580000, 0x00000000f4a80000, 0x0000000100000000)
  eden space 437248K, 100% used [0x00000000d5580000,0x00000000f0080000,0x00000000f0080000)
  from space 37376K, 12% used [0x00000000f0080000,0x00000000f0508000,0x00000000f2500000)
  to   space 38400K, 0% used [0x00000000f2500000,0x00000000f2500000,0x00000000f4a80000)
 ParOldGen       total 150016K, used 86605K [0x0000000080000000, 0x0000000089280000, 0x00000000d5580000)
  object space 150016K, 57% used [0x0000000080000000,0x0000000085493510,0x0000000089280000)
 Metaspace       used 80535K, capacity 84624K, committed 87080K, reserved 1124352K
  class space    used 10912K, capacity 11683K, committed 12336K, reserved 1048576K
Event: 50.820 GC heap after
Heap after GC invocations=24 (full 4):
 PSYoungGen      total 475648K, used 5088K [0x00000000d5580000, 0x00000000f4a80000, 0x0000000100000000)
  eden space 437248K, 0% used [0x00000000d5580000,0x00000000d5580000,0x00000000f0080000)
  from space 38400K, 13% used [0x00000000f2500000,0x00000000f29f8000,0x00000000f4a80000)
  to   space 37376K, 0% used [0x00000000f0080000,0x00000000f0080000,0x00000000f2500000)
 ParOldGen       total 150016K, used 89793K [0x0000000080000000, 0x0000000089280000, 0x00000000d5580000)
  object space 150016K, 59% used [0x0000000080000000,0x00000000857b0578,0x0000000089280000)
 Metaspace       used 80535K, capacity 84624K, committed 87080K, reserved 1124352K
  class space    used 10912K, capacity 11683K, committed 12336K, reserved 1048576K
}
Event: 79.263 GC heap before
{Heap before GC invocations=25 (full 4):
 PSYoungGen      total 475648K, used 442336K [0x00000000d5580000, 0x00000000f4a80000, 0x0000000100000000)
  eden space 437248K, 100% used [0x00000000d5580000,0x00000000f0080000,0x00000000f0080000)
  from space 38400K, 13% used [0x00000000f2500000,0x00000000f29f8000,0x00000000f4a80000)
  to   space 37376K, 0% used [0x00000000f0080000,0x00000000f0080000,0x00000000f2500000)
 ParOldGen       total 150016K, used 89793K [0x0000000080000000, 0x0000000089280000, 0x00000000d5580000)
  object space 150016K, 59% used [0x0000000080000000,0x00000000857b0578,0x0000000089280000)
 Metaspace       used 83176K, capacity 87626K, committed 89256K, reserved 1126400K
  class space    used 11213K, capacity 12028K, committed 12464K, reserved 1048576K
Event: 79.275 GC heap after
Heap after GC invocations=25 (full 4):
 PSYoungGen      total 474624K, used 6284K [0x00000000d5580000, 0x00000000f9100000, 0x0000000100000000)
  eden space 437248K, 0% used [0x00000000d5580000,0x00000000d5580000,0x00000000f0080000)
  from space 37376K, 16% used [0x00000000f0080000,0x00000000f06a31a8,0x00000000f2500000)
  to   space 33280K, 0% used [0x00000000f7080000,0x00000000f7080000,0x00000000f9100000)
 ParOldGen       total 150016K, used 93245K [0x0000000080000000, 0x0000000089280000, 0x00000000d5580000)
  object space 150016K, 62% used [0x0000000080000000,0x0000000085b0f6f8,0x0000000089280000)
 Metaspace       used 83176K, capacity 87626K, committed 89256K, reserved 1126400K
  class space    used 11213K, capacity 12028K, committed 12464K, reserved 1048576K
}

