# JRE version: OpenJDK Runtime Environment (8.0_242-b01) (build 1.8.0_242-release-1644-b01)
# Java VM: OpenJDK 64-Bit Server VM (25.242-b01 mixed mode windows-amd64 compressed oops)
Heap:
 PSYoungGen      total 276992K, used 251496K [0x00000000d5580000, 0x00000000e7480000, 0x0000000100000000)
  eden space 261120K, 96% used [0x00000000d5580000,0x00000000e4b1a260,0x00000000e5480000)
  from space 15872K, 0% used [0x00000000e5580000,0x00000000e5580000,0x00000000e6500000)
  to   space 13824K, 0% used [0x00000000e6700000,0x00000000e6700000,0x00000000e7480000)
 ParOldGen       total 70144K, used 33148K [0x0000000080000000, 0x0000000084480000, 0x00000000d5580000)
  object space 70144K, 47% used [0x0000000080000000,0x000000008205f128,0x0000000084480000)
 Metaspace       used 70662K, capacity 73762K, committed 74024K, reserved 1114112K
  class space    used 9402K, capacity 9996K, committed 10032K, reserved 1048576K
GC Heap History (10 events):
Event: 3.908 GC heap before
{Heap before GC invocations=12 (full 2):
 PSYoungGen      total 190976K, used 7524K [0x00000000d5580000, 0x00000000e2e80000, 0x0000000100000000)
  eden space 177664K, 0% used [0x00000000d5580000,0x00000000d5580000,0x00000000e0300000)
  from space 13312K, 56% used [0x00000000e0f80000,0x00000000e16d9070,0x00000000e1c80000)
  to   space 12800K, 0% used [0x00000000e0300000,0x00000000e0300000,0x00000000e0f80000)
 ParOldGen       total 33280K, used 14010K [0x0000000080000000, 0x0000000082080000, 0x00000000d5580000)
  object space 33280K, 42% used [0x0000000080000000,0x0000000080daeac0,0x0000000082080000)
 Metaspace       used 34459K, capacity 35396K, committed 35496K, reserved 1079296K
  class space    used 4465K, capacity 4730K, committed 4784K, reserved 1048576K
Event: 3.947 GC heap after
Heap after GC invocations=12 (full 2):
 PSYoungGen      total 190976K, used 0K [0x00000000d5580000, 0x00000000e2e80000, 0x0000000100000000)
  eden space 177664K, 0% used [0x00000000d5580000,0x00000000d5580000,0x00000000e0300000)
  from space 13312K, 0% used [0x00000000e0f80000,0x00000000e0f80000,0x00000000e1c80000)
  to   space 12800K, 0% used [0x00000000e0300000,0x00000000e0300000,0x00000000e0f80000)
 ParOldGen       total 45568K, used 14556K [0x0000000080000000, 0x0000000082c80000, 0x00000000d5580000)
  object space 45568K, 31% used [0x0000000080000000,0x0000000080e37058,0x0000000082c80000)
 Metaspace       used 34343K, capacity 35212K, committed 35496K, reserved 1079296K
  class space    used 4445K, capacity 4690K, committed 4784K, reserved 1048576K
}
Event: 5.086 GC heap before
{Heap before GC invocations=13 (full 2):
 PSYoungGen      total 190976K, used 177664K [0x00000000d5580000, 0x00000000e2e80000, 0x0000000100000000)
  eden space 177664K, 100% used [0x00000000d5580000,0x00000000e0300000,0x00000000e0300000)
  from space 13312K, 0% used [0x00000000e0f80000,0x00000000e0f80000,0x00000000e1c80000)
  to   space 12800K, 0% used [0x00000000e0300000,0x00000000e0300000,0x00000000e0f80000)
 ParOldGen       total 45568K, used 14556K [0x0000000080000000, 0x0000000082c80000, 0x00000000d5580000)
  object space 45568K, 31% used [0x0000000080000000,0x0000000080e37058,0x0000000082c80000)
 Metaspace       used 40539K, capacity 42084K, committed 42408K, reserved 1085440K
  class space    used 5378K, capacity 5708K, committed 5808K, reserved 1048576K
Event: 5.100 GC heap after
Heap after GC invocations=13 (full 2):
 PSYoungGen      total 190464K, used 10536K [0x00000000d5580000, 0x00000000e7480000, 0x0000000100000000)
  eden space 177664K, 0% used [0x00000000d5580000,0x00000000d5580000,0x00000000e0300000)
  from space 12800K, 82% used [0x00000000e0300000,0x00000000e0d4a2e0,0x00000000e0f80000)
  to   space 13824K, 0% used [0x00000000e6700000,0x00000000e6700000,0x00000000e7480000)
 ParOldGen       total 45568K, used 14564K [0x0000000080000000, 0x0000000082c80000, 0x00000000d5580000)
  object space 45568K, 31% used [0x0000000080000000,0x0000000080e39058,0x0000000082c80000)
 Metaspace       used 40539K, capacity 42084K, committed 42408K, reserved 1085440K
  class space    used 5378K, capacity 5708K, committed 5808K, reserved 1048576K
}
Event: 111.062 GC heap before
{Heap before GC invocations=14 (full 2):
 PSYoungGen      total 190464K, used 188187K [0x00000000d5580000, 0x00000000e7480000, 0x0000000100000000)
  eden space 177664K, 99% used [0x00000000d5580000,0x00000000e02fc9d8,0x00000000e0300000)
  from space 12800K, 82% used [0x00000000e0300000,0x00000000e0d4a2e0,0x00000000e0f80000)
  to   space 13824K, 0% used [0x00000000e6700000,0x00000000e6700000,0x00000000e7480000)
 ParOldGen       total 45568K, used 14564K [0x0000000080000000, 0x0000000082c80000, 0x00000000d5580000)
  object space 45568K, 31% used [0x0000000080000000,0x0000000080e39058,0x0000000082c80000)
 Metaspace       used 49526K, capacity 52126K, committed 52392K, reserved 1095680K
  class space    used 6501K, capacity 7018K, committed 7088K, reserved 1048576K
Event: 111.079 GC heap after
Heap after GC invocations=14 (full 2):
 PSYoungGen      total 274944K, used 13517K [0x00000000d5580000, 0x00000000e7480000, 0x0000000100000000)
  eden space 261120K, 0% used [0x00000000d5580000,0x00000000d5580000,0x00000000e5480000)
  from space 13824K, 97% used [0x00000000e6700000,0x00000000e74336c0,0x00000000e7480000)
  to   space 15872K, 0% used [0x00000000e5580000,0x00000000e5580000,0x00000000e6500000)
 ParOldGen       total 45568K, used 19418K [0x0000000080000000, 0x0000000082c80000, 0x00000000d5580000)
  object space 45568K, 42% used [0x0000000080000000,0x00000000812f6948,0x0000000082c80000)
 Metaspace       used 49526K, capacity 52126K, committed 52392K, reserved 1095680K
  class space    used 6501K, capacity 7018K, committed 7088K, reserved 1048576K
}
Event: 112.757 GC heap before
{Heap before GC invocations=15 (full 2):
 PSYoungGen      total 274944K, used 99335K [0x00000000d5580000, 0x00000000e7480000, 0x0000000100000000)
  eden space 261120K, 32% used [0x00000000d5580000,0x00000000da94e5a8,0x00000000e5480000)
  from space 13824K, 97% used [0x00000000e6700000,0x00000000e74336c0,0x00000000e7480000)
  to   space 15872K, 0% used [0x00000000e5580000,0x00000000e5580000,0x00000000e6500000)
 ParOldGen       total 45568K, used 19418K [0x0000000080000000, 0x0000000082c80000, 0x00000000d5580000)
  object space 45568K, 42% used [0x0000000080000000,0x00000000812f6948,0x0000000082c80000)
 Metaspace       used 56308K, capacity 59022K, committed 59160K, reserved 1101824K
  class space    used 7295K, capacity 7836K, committed 7856K, reserved 1048576K
Event: 112.772 GC heap after
Heap after GC invocations=15 (full 2):
 PSYoungGen      total 276992K, used 9838K [0x00000000d5580000, 0x00000000e7480000, 0x0000000100000000)
  eden space 261120K, 0% used [0x00000000d5580000,0x00000000d5580000,0x00000000e5480000)
  from space 15872K, 61% used [0x00000000e5580000,0x00000000e5f1b820,0x00000000e6500000)
  to   space 13824K, 0% used [0x00000000e6700000,0x00000000e6700000,0x00000000e7480000)
 ParOldGen       total 45568K, used 27106K [0x0000000080000000, 0x0000000082c80000, 0x00000000d5580000)
  object space 45568K, 59% used [0x0000000080000000,0x0000000081a78850,0x0000000082c80000)
 Metaspace       used 56308K, capacity 59022K, committed 59160K, reserved 1101824K
  class space    used 7295K, capacity 7836K, committed 7856K, reserved 1048576K
}
Event: 112.772 GC heap before
{Heap before GC invocations=16 (full 3):
 PSYoungGen      total 276992K, used 9838K [0x00000000d5580000, 0x00000000e7480000, 0x0000000100000000)
  eden space 261120K, 0% used [0x00000000d5580000,0x00000000d5580000,0x00000000e5480000)
  from space 15872K, 61% used [0x00000000e5580000,0x00000000e5f1b820,0x00000000e6500000)
  to   space 13824K, 0% used [0x00000000e6700000,0x00000000e6700000,0x00000000e7480000)
 ParOldGen       total 45568K, used 27106K [0x0000000080000000, 0x0000000082c80000, 0x00000000d5580000)
  object space 45568K, 59% used [0x0000000080000000,0x0000000081a78850,0x0000000082c80000)
 Metaspace       used 56308K, capacity 59022K, committed 59160K, reserved 1101824K
  class space    used 7295K, capacity 7836K, committed 7856K, reserved 1048576K
Event: 112.951 GC heap after
Heap after GC invocations=16 (full 3):
 PSYoungGen      total 276992K, used 0K [0x00000000d5580000, 0x00000000e7480000, 0x0000000100000000)
  eden space 261120K, 0% used [0x00000000d5580000,0x00000000d5580000,0x00000000e5480000)
  from space 15872K, 0% used [0x00000000e5580000,0x00000000e5580000,0x00000000e6500000)
  to   space 13824K, 0% used [0x00000000e6700000,0x00000000e6700000,0x00000000e7480000)
 ParOldGen       total 70144K, used 33148K [0x0000000080000000, 0x0000000084480000, 0x00000000d5580000)
  object space 70144K, 47% used [0x0000000080000000,0x000000008205f128,0x0000000084480000)
 Metaspace       used 56193K, capacity 58640K, committed 59160K, reserved 1101824K
  class space    used 7261K, capacity 7757K, committed 7856K, reserved 1048576K
}

