# JRE version: OpenJDK Runtime Environment (8.0_242-b01) (build 1.8.0_242-release-1644-b01)
# Java VM: OpenJDK 64-Bit Server VM (25.242-b01 mixed mode windows-amd64 compressed oops)
Heap:
 PSYoungGen      total 245760K, used 184754K [0x00000000d5580000, 0x00000000e9980000, 0x0000000100000000)
  eden space 223744K, 82% used [0x00000000d5580000,0x00000000e09ec9e0,0x00000000e3000000)
  from space 22016K, 0% used [0x00000000e3000000,0x00000000e3000000,0x00000000e4580000)
  to   space 22016K, 0% used [0x00000000e8400000,0x00000000e8400000,0x00000000e9980000)
 ParOldGen       total 51712K, used 32682K [0x0000000080000000, 0x0000000083280000, 0x00000000d5580000)
  object space 51712K, 63% used [0x0000000080000000,0x0000000081feaa68,0x0000000083280000)
 Metaspace       used 64823K, capacity 68334K, committed 68504K, reserved 1107968K
  class space    used 8997K, capacity 9632K, committed 9648K, reserved 1048576K
GC Heap History (10 events):
Event: 3.795 GC heap before
{Heap before GC invocations=12 (full 2):
 PSYoungGen      total 188928K, used 8438K [0x00000000d5580000, 0x00000000e1e00000, 0x0000000100000000)
  eden space 176640K, 0% used [0x00000000d5580000,0x00000000d5580000,0x00000000e0200000)
  from space 12288K, 68% used [0x00000000e0e80000,0x00000000e16bd898,0x00000000e1a80000)
  to   space 12800K, 0% used [0x00000000e0200000,0x00000000e0200000,0x00000000e0e80000)
 ParOldGen       total 32768K, used 12108K [0x0000000080000000, 0x0000000082000000, 0x00000000d5580000)
  object space 32768K, 36% used [0x0000000080000000,0x0000000080bd3018,0x0000000082000000)
 Metaspace       used 34348K, capacity 35420K, committed 35496K, reserved 1079296K
  class space    used 4733K, capacity 5003K, committed 5040K, reserved 1048576K
Event: 3.837 GC heap after
Heap after GC invocations=12 (full 2):
 PSYoungGen      total 188928K, used 0K [0x00000000d5580000, 0x00000000e1e00000, 0x0000000100000000)
  eden space 176640K, 0% used [0x00000000d5580000,0x00000000d5580000,0x00000000e0200000)
  from space 12288K, 0% used [0x00000000e0e80000,0x00000000e0e80000,0x00000000e1a80000)
  to   space 12800K, 0% used [0x00000000e0200000,0x00000000e0200000,0x00000000e0e80000)
 ParOldGen       total 51712K, used 14833K [0x0000000080000000, 0x0000000083280000, 0x00000000d5580000)
  object space 51712K, 28% used [0x0000000080000000,0x0000000080e7c420,0x0000000083280000)
 Metaspace       used 34348K, capacity 35420K, committed 35496K, reserved 1079296K
  class space    used 4733K, capacity 5003K, committed 5040K, reserved 1048576K
}
Event: 5.201 GC heap before
{Heap before GC invocations=13 (full 2):
 PSYoungGen      total 188928K, used 176640K [0x00000000d5580000, 0x00000000e1e00000, 0x0000000100000000)
  eden space 176640K, 100% used [0x00000000d5580000,0x00000000e0200000,0x00000000e0200000)
  from space 12288K, 0% used [0x00000000e0e80000,0x00000000e0e80000,0x00000000e1a80000)
  to   space 12800K, 0% used [0x00000000e0200000,0x00000000e0200000,0x00000000e0e80000)
 ParOldGen       total 51712K, used 14833K [0x0000000080000000, 0x0000000083280000, 0x00000000d5580000)
  object space 51712K, 28% used [0x0000000080000000,0x0000000080e7c420,0x0000000083280000)
 Metaspace       used 44139K, capacity 45952K, committed 46120K, reserved 1089536K
  class space    used 5985K, capacity 6364K, committed 6448K, reserved 1048576K
Event: 5.216 GC heap after
Heap after GC invocations=13 (full 2):
 PSYoungGen      total 189440K, used 12769K [0x00000000d5580000, 0x00000000e5480000, 0x0000000100000000)
  eden space 176640K, 0% used [0x00000000d5580000,0x00000000d5580000,0x00000000e0200000)
  from space 12800K, 99% used [0x00000000e0200000,0x00000000e0e78468,0x00000000e0e80000)
  to   space 15360K, 0% used [0x00000000e4580000,0x00000000e4580000,0x00000000e5480000)
 ParOldGen       total 51712K, used 16274K [0x0000000080000000, 0x0000000083280000, 0x00000000d5580000)
  object space 51712K, 31% used [0x0000000080000000,0x0000000080fe4990,0x0000000083280000)
 Metaspace       used 44139K, capacity 45952K, committed 46120K, reserved 1089536K
  class space    used 5985K, capacity 6364K, committed 6448K, reserved 1048576K
}
Event: 7.112 GC heap before
{Heap before GC invocations=14 (full 2):
 PSYoungGen      total 189440K, used 189409K [0x00000000d5580000, 0x00000000e5480000, 0x0000000100000000)
  eden space 176640K, 100% used [0x00000000d5580000,0x00000000e0200000,0x00000000e0200000)
  from space 12800K, 99% used [0x00000000e0200000,0x00000000e0e78468,0x00000000e0e80000)
  to   space 15360K, 0% used [0x00000000e4580000,0x00000000e4580000,0x00000000e5480000)
 ParOldGen       total 51712K, used 16274K [0x0000000080000000, 0x0000000083280000, 0x00000000d5580000)
  object space 51712K, 31% used [0x0000000080000000,0x0000000080fe4990,0x0000000083280000)
 Metaspace       used 55836K, capacity 58210K, committed 58408K, reserved 1099776K
  class space    used 7622K, capacity 8120K, committed 8240K, reserved 1048576K
Event: 7.148 GC heap after
Heap after GC invocations=14 (full 2):
 PSYoungGen      total 239104K, used 15353K [0x00000000d5580000, 0x00000000e6000000, 0x0000000100000000)
  eden space 223744K, 0% used [0x00000000d5580000,0x00000000d5580000,0x00000000e3000000)
  from space 15360K, 99% used [0x00000000e4580000,0x00000000e547e638,0x00000000e5480000)
  to   space 22016K, 0% used [0x00000000e3000000,0x00000000e3000000,0x00000000e4580000)
 ParOldGen       total 51712K, used 27985K [0x0000000080000000, 0x0000000083280000, 0x00000000d5580000)
  object space 51712K, 54% used [0x0000000080000000,0x0000000081b546a8,0x0000000083280000)
 Metaspace       used 55836K, capacity 58210K, committed 58408K, reserved 1099776K
  class space    used 7622K, capacity 8120K, committed 8240K, reserved 1048576K
}
Event: 7.822 GC heap before
{Heap before GC invocations=15 (full 2):
 PSYoungGen      total 239104K, used 30396K [0x00000000d5580000, 0x00000000e6000000, 0x0000000100000000)
  eden space 223744K, 6% used [0x00000000d5580000,0x00000000d6430b60,0x00000000e3000000)
  from space 15360K, 99% used [0x00000000e4580000,0x00000000e547e638,0x00000000e5480000)
  to   space 22016K, 0% used [0x00000000e3000000,0x00000000e3000000,0x00000000e4580000)
 ParOldGen       total 51712K, used 27985K [0x0000000080000000, 0x0000000083280000, 0x00000000d5580000)
  object space 51712K, 54% used [0x0000000080000000,0x0000000081b546a8,0x0000000083280000)
 Metaspace       used 56532K, capacity 58918K, committed 59160K, reserved 1099776K
  class space    used 7740K, capacity 8214K, committed 8240K, reserved 1048576K
Event: 7.833 GC heap after
Heap after GC invocations=15 (full 2):
 PSYoungGen      total 245760K, used 1408K [0x00000000d5580000, 0x00000000e9980000, 0x0000000100000000)
  eden space 223744K, 0% used [0x00000000d5580000,0x00000000d5580000,0x00000000e3000000)
  from space 22016K, 6% used [0x00000000e3000000,0x00000000e3160000,0x00000000e4580000)
  to   space 22016K, 0% used [0x00000000e8400000,0x00000000e8400000,0x00000000e9980000)
 ParOldGen       total 51712K, used 40753K [0x0000000080000000, 0x0000000083280000, 0x00000000d5580000)
  object space 51712K, 78% used [0x0000000080000000,0x00000000827cc7e8,0x0000000083280000)
 Metaspace       used 56532K, capacity 58918K, committed 59160K, reserved 1099776K
  class space    used 7740K, capacity 8214K, committed 8240K, reserved 1048576K
}
Event: 7.833 GC heap before
{Heap before GC invocations=16 (full 3):
 PSYoungGen      total 245760K, used 1408K [0x00000000d5580000, 0x00000000e9980000, 0x0000000100000000)
  eden space 223744K, 0% used [0x00000000d5580000,0x00000000d5580000,0x00000000e3000000)
  from space 22016K, 6% used [0x00000000e3000000,0x00000000e3160000,0x00000000e4580000)
  to   space 22016K, 0% used [0x00000000e8400000,0x00000000e8400000,0x00000000e9980000)
 ParOldGen       total 51712K, used 40753K [0x0000000080000000, 0x0000000083280000, 0x00000000d5580000)
  object space 51712K, 78% used [0x0000000080000000,0x00000000827cc7e8,0x0000000083280000)
 Metaspace       used 56532K, capacity 58918K, committed 59160K, reserved 1099776K
  class space    used 7740K, capacity 8214K, committed 8240K, reserved 1048576K
Event: 8.088 GC heap after
Heap after GC invocations=16 (full 3):
 PSYoungGen      total 245760K, used 0K [0x00000000d5580000, 0x00000000e9980000, 0x0000000100000000)
  eden space 223744K, 0% used [0x00000000d5580000,0x00000000d5580000,0x00000000e3000000)
  from space 22016K, 0% used [0x00000000e3000000,0x00000000e3000000,0x00000000e4580000)
  to   space 22016K, 0% used [0x00000000e8400000,0x00000000e8400000,0x00000000e9980000)
 ParOldGen       total 51712K, used 32682K [0x0000000080000000, 0x0000000083280000, 0x00000000d5580000)
  object space 51712K, 63% used [0x0000000080000000,0x0000000081feaa68,0x0000000083280000)
 Metaspace       used 56486K, capacity 58762K, committed 59160K, reserved 1099776K
  class space    used 7725K, capacity 8188K, committed 8240K, reserved 1048576K
}

