# JRE version: OpenJDK Runtime Environment (8.0_242-b01) (build 1.8.0_242-release-1644-b01)
# Java VM: OpenJDK 64-Bit Server VM (25.242-b01 mixed mode windows-amd64 compressed oops)
Heap:
 PSYoungGen      total 498688K, used 51009K [0x00000000d5580000, 0x00000000f5e80000, 0x0000000100000000)
  eden space 463872K, 8% used [0x00000000d5580000,0x00000000d7d40240,0x00000000f1a80000)
  from space 34816K, 29% used [0x00000000f1a80000,0x00000000f2490480,0x00000000f3c80000)
  to   space 33792K, 0% used [0x00000000f3d80000,0x00000000f3d80000,0x00000000f5e80000)
 ParOldGen       total 175104K, used 115500K [0x0000000080000000, 0x000000008ab00000, 0x00000000d5580000)
  object space 175104K, 65% used [0x0000000080000000,0x00000000870cb370,0x000000008ab00000)
 Metaspace       used 105583K, capacity 111060K, committed 112600K, reserved 1146880K
  class space    used 13766K, capacity 14853K, committed 15360K, reserved 1048576K
GC Heap History (10 events):
Event: 506.227 GC heap before
{Heap before GC invocations=27 (full 4):
 PSYoungGen      total 408576K, used 408555K [0x00000000d5580000, 0x00000000f1880000, 0x0000000100000000)
  eden space 382464K, 100% used [0x00000000d5580000,0x00000000ecb00000,0x00000000ecb00000)
  from space 26112K, 99% used [0x00000000eef80000,0x00000000f08face0,0x00000000f0900000)
  to   space 37376K, 0% used [0x00000000ecb00000,0x00000000ecb00000,0x00000000eef80000)
 ParOldGen       total 114176K, used 77888K [0x0000000080000000, 0x0000000086f80000, 0x00000000d5580000)
  object space 114176K, 68% used [0x0000000080000000,0x0000000084c10348,0x0000000086f80000)
 Metaspace       used 105028K, capacity 111328K, committed 111448K, reserved 1144832K
  class space    used 13947K, capacity 15181K, committed 15232K, reserved 1048576K
Event: 506.273 GC heap after
Heap after GC invocations=27 (full 4):
 PSYoungGen      total 419840K, used 10881K [0x00000000d5580000, 0x00000000f6080000, 0x0000000100000000)
  eden space 382464K, 0% used [0x00000000d5580000,0x00000000d5580000,0x00000000ecb00000)
  from space 37376K, 29% used [0x00000000ecb00000,0x00000000ed5a07c8,0x00000000eef80000)
  to   space 35840K, 0% used [0x00000000f3d80000,0x00000000f3d80000,0x00000000f6080000)
 ParOldGen       total 114176K, used 102001K [0x0000000080000000, 0x0000000086f80000, 0x00000000d5580000)
  object space 114176K, 89% used [0x0000000080000000,0x000000008639c5b8,0x0000000086f80000)
 Metaspace       used 105028K, capacity 111328K, committed 111448K, reserved 1144832K
  class space    used 13947K, capacity 15181K, committed 15232K, reserved 1048576K
}
Event: 506.273 GC heap before
{Heap before GC invocations=28 (full 5):
 PSYoungGen      total 419840K, used 10881K [0x00000000d5580000, 0x00000000f6080000, 0x0000000100000000)
  eden space 382464K, 0% used [0x00000000d5580000,0x00000000d5580000,0x00000000ecb00000)
  from space 37376K, 29% used [0x00000000ecb00000,0x00000000ed5a07c8,0x00000000eef80000)
  to   space 35840K, 0% used [0x00000000f3d80000,0x00000000f3d80000,0x00000000f6080000)
 ParOldGen       total 114176K, used 102001K [0x0000000080000000, 0x0000000086f80000, 0x00000000d5580000)
  object space 114176K, 89% used [0x0000000080000000,0x000000008639c5b8,0x0000000086f80000)
 Metaspace       used 105028K, capacity 111328K, committed 111448K, reserved 1144832K
  class space    used 13947K, capacity 15181K, committed 15232K, reserved 1048576K
Event: 506.539 GC heap after
Heap after GC invocations=28 (full 5):
 PSYoungGen      total 419840K, used 0K [0x00000000d5580000, 0x00000000f6080000, 0x0000000100000000)
  eden space 382464K, 0% used [0x00000000d5580000,0x00000000d5580000,0x00000000ecb00000)
  from space 37376K, 0% used [0x00000000ecb00000,0x00000000ecb00000,0x00000000eef80000)
  to   space 35840K, 0% used [0x00000000f3d80000,0x00000000f3d80000,0x00000000f6080000)
 ParOldGen       total 175104K, used 101150K [0x0000000080000000, 0x000000008ab00000, 0x00000000d5580000)
  object space 175104K, 57% used [0x0000000080000000,0x00000000862c78a0,0x000000008ab00000)
 Metaspace       used 104332K, capacity 109596K, committed 111448K, reserved 1144832K
  class space    used 13700K, capacity 14747K, committed 15232K, reserved 1048576K
}
Event: 507.326 GC heap before
{Heap before GC invocations=29 (full 5):
 PSYoungGen      total 419840K, used 382464K [0x00000000d5580000, 0x00000000f6080000, 0x0000000100000000)
  eden space 382464K, 100% used [0x00000000d5580000,0x00000000ecb00000,0x00000000ecb00000)
  from space 37376K, 0% used [0x00000000ecb00000,0x00000000ecb00000,0x00000000eef80000)
  to   space 35840K, 0% used [0x00000000f3d80000,0x00000000f3d80000,0x00000000f6080000)
 ParOldGen       total 175104K, used 101150K [0x0000000080000000, 0x000000008ab00000, 0x00000000d5580000)
  object space 175104K, 57% used [0x0000000080000000,0x00000000862c78a0,0x000000008ab00000)
 Metaspace       used 104853K, capacity 110188K, committed 111960K, reserved 1146880K
  class space    used 13708K, capacity 14755K, committed 15232K, reserved 1048576K
Event: 507.342 GC heap after
Heap after GC invocations=29 (full 5):
 PSYoungGen      total 497664K, used 8237K [0x00000000d5580000, 0x00000000f5e80000, 0x0000000100000000)
  eden space 463872K, 0% used [0x00000000d5580000,0x00000000d5580000,0x00000000f1a80000)
  from space 33792K, 24% used [0x00000000f3d80000,0x00000000f458b760,0x00000000f5e80000)
  to   space 34816K, 0% used [0x00000000f1a80000,0x00000000f1a80000,0x00000000f3c80000)
 ParOldGen       total 175104K, used 101150K [0x0000000080000000, 0x000000008ab00000, 0x00000000d5580000)
  object space 175104K, 57% used [0x0000000080000000,0x00000000862c78a0,0x000000008ab00000)
 Metaspace       used 104853K, capacity 110188K, committed 111960K, reserved 1146880K
  class space    used 13708K, capacity 14755K, committed 15232K, reserved 1048576K
}
Event: 508.130 GC heap before
{Heap before GC invocations=30 (full 5):
 PSYoungGen      total 497664K, used 472109K [0x00000000d5580000, 0x00000000f5e80000, 0x0000000100000000)
  eden space 463872K, 100% used [0x00000000d5580000,0x00000000f1a80000,0x00000000f1a80000)
  from space 33792K, 24% used [0x00000000f3d80000,0x00000000f458b760,0x00000000f5e80000)
  to   space 34816K, 0% used [0x00000000f1a80000,0x00000000f1a80000,0x00000000f3c80000)
 ParOldGen       total 175104K, used 101150K [0x0000000080000000, 0x000000008ab00000, 0x00000000d5580000)
  object space 175104K, 57% used [0x0000000080000000,0x00000000862c78a0,0x000000008ab00000)
 Metaspace       used 105067K, capacity 110452K, committed 112216K, reserved 1146880K
  class space    used 13714K, capacity 14787K, committed 15232K, reserved 1048576K
Event: 508.155 GC heap after
Heap after GC invocations=30 (full 5):
 PSYoungGen      total 498688K, used 5318K [0x00000000d5580000, 0x00000000f5e80000, 0x0000000100000000)
  eden space 463872K, 0% used [0x00000000d5580000,0x00000000d5580000,0x00000000f1a80000)
  from space 34816K, 15% used [0x00000000f1a80000,0x00000000f1fb1800,0x00000000f3c80000)
  to   space 33792K, 0% used [0x00000000f3d80000,0x00000000f3d80000,0x00000000f5e80000)
 ParOldGen       total 175104K, used 107275K [0x0000000080000000, 0x000000008ab00000, 0x00000000d5580000)
  object space 175104K, 61% used [0x0000000080000000,0x00000000868c2fa8,0x000000008ab00000)
 Metaspace       used 105067K, capacity 110452K, committed 112216K, reserved 1146880K
  class space    used 13714K, capacity 14787K, committed 15232K, reserved 1048576K
}
Event: 508.926 GC heap before
{Heap before GC invocations=31 (full 5):
 PSYoungGen      total 498688K, used 469190K [0x00000000d5580000, 0x00000000f5e80000, 0x0000000100000000)
  eden space 463872K, 100% used [0x00000000d5580000,0x00000000f1a80000,0x00000000f1a80000)
  from space 34816K, 15% used [0x00000000f1a80000,0x00000000f1fb1800,0x00000000f3c80000)
  to   space 33792K, 0% used [0x00000000f3d80000,0x00000000f3d80000,0x00000000f5e80000)
 ParOldGen       total 175104K, used 107275K [0x0000000080000000, 0x000000008ab00000, 0x00000000d5580000)
  object space 175104K, 61% used [0x0000000080000000,0x00000000868c2fa8,0x000000008ab00000)
 Metaspace       used 105273K, capacity 110644K, committed 112344K, reserved 1146880K
  class space    used 13718K, capacity 14821K, committed 15360K, reserved 1048576K
Event: 508.965 GC heap after
Heap after GC invocations=31 (full 5):
 PSYoungGen      total 497664K, used 6916K [0x00000000d5580000, 0x00000000f5e80000, 0x0000000100000000)
  eden space 463872K, 0% used [0x00000000d5580000,0x00000000d5580000,0x00000000f1a80000)
  from space 33792K, 20% used [0x00000000f3d80000,0x00000000f4441178,0x00000000f5e80000)
  to   space 34816K, 0% used [0x00000000f1a80000,0x00000000f1a80000,0x00000000f3c80000)
 ParOldGen       total 175104K, used 110803K [0x0000000080000000, 0x000000008ab00000, 0x00000000d5580000)
  object space 175104K, 63% used [0x0000000080000000,0x0000000086c34f78,0x000000008ab00000)
 Metaspace       used 105273K, capacity 110644K, committed 112344K, reserved 1146880K
  class space    used 13718K, capacity 14821K, committed 15360K, reserved 1048576K
}

